INFO	2020-10-07 09:10:22	MarkDuplicates	

********** NOTE: Picard's command line syntax is changing.
**********
********** For more information, please see:
********** https://github.com/broadinstitute/picard/wiki/Command-Line-Syntax-Transition-For-Users-(Pre-Transition)
**********
********** The command line looks like this in the new syntax:
**********
**********    MarkDuplicates -I input/CTRL_S1_L001.bam -O output/CTRL_S1_L001.dupPicard.bam -M output/CTRL_S1_L001.dupPicard.txt
**********


09:10:23.533 INFO  NativeLibraryLoader - Loading libgkl_compression.so from jar:file:/home/ubuntu/softwares/anaconda3/share/picard-2.23.6-0/picard.jar!/com/intel/gkl/native/libgkl_compression.so
[Wed Oct 07 09:10:23 CEST 2020] MarkDuplicates INPUT=[input/CTRL_S1_L001.bam] OUTPUT=output/CTRL_S1_L001.dupPicard.bam METRICS_FILE=output/CTRL_S1_L001.dupPicard.txt    MAX_SEQUENCES_FOR_DISK_READ_ENDS_MAP=50000 MAX_FILE_HANDLES_FOR_READ_ENDS_MAP=8000 SORTING_COLLECTION_SIZE_RATIO=0.25 TAG_DUPLICATE_SET_MEMBERS=false REMOVE_SEQUENCING_DUPLICATES=false TAGGING_POLICY=DontTag CLEAR_DT=true DUPLEX_UMI=false ADD_PG_TAG_TO_READS=true REMOVE_DUPLICATES=false ASSUME_SORTED=false DUPLICATE_SCORING_STRATEGY=SUM_OF_BASE_QUALITIES PROGRAM_RECORD_ID=MarkDuplicates PROGRAM_GROUP_NAME=MarkDuplicates READ_NAME_REGEX=<optimized capture of last three ':' separated fields as numeric values> OPTICAL_DUPLICATE_PIXEL_DISTANCE=100 MAX_OPTICAL_DUPLICATE_SET_SIZE=300000 VERBOSITY=INFO QUIET=false VALIDATION_STRINGENCY=STRICT COMPRESSION_LEVEL=5 MAX_RECORDS_IN_RAM=500000 CREATE_INDEX=false CREATE_MD5_FILE=false GA4GH_CLIENT_SECRETS=client_secrets.json USE_JDK_DEFLATER=false USE_JDK_INFLATER=false
[Wed Oct 07 09:10:23 CEST 2020] Executing as ubuntu@dkt on Linux 4.4.0-187-generic amd64; OpenJDK 64-Bit Server VM 11.0.8-internal+0-adhoc..src; Deflater: Intel; Inflater: Intel; Provider GCS is not available; Picard version: 2.23.6
INFO	2020-10-07 09:10:23	MarkDuplicates	Start of doWork freeMemory: 530642616; totalMemory: 536870912; maxMemory: 2147483648
INFO	2020-10-07 09:10:23	MarkDuplicates	Reading input file and constructing read end information.
INFO	2020-10-07 09:10:23	MarkDuplicates	Will retain up to 7780737 data points before spilling to disk.
INFO	2020-10-07 09:10:32	MarkDuplicates	Read     1,000,000 records.  Elapsed time: 00:00:08s.  Time for last 1,000,000:    8s.  Last read position: chr1:131,932,202
INFO	2020-10-07 09:10:32	MarkDuplicates	Tracking 0 as yet unmatched pairs. 0 records in RAM.
INFO	2020-10-07 09:10:37	MarkDuplicates	Read     2,000,000 records.  Elapsed time: 00:00:13s.  Time for last 1,000,000:    5s.  Last read position: chr2:26,636,332
INFO	2020-10-07 09:10:37	MarkDuplicates	Tracking 0 as yet unmatched pairs. 0 records in RAM.
INFO	2020-10-07 09:10:42	MarkDuplicates	Read     3,000,000 records.  Elapsed time: 00:00:18s.  Time for last 1,000,000:    4s.  Last read position: chr2:129,631,376
INFO	2020-10-07 09:10:42	MarkDuplicates	Tracking 0 as yet unmatched pairs. 0 records in RAM.
INFO	2020-10-07 09:10:46	MarkDuplicates	Read     4,000,000 records.  Elapsed time: 00:00:21s.  Time for last 1,000,000:    3s.  Last read position: chr3:60,501,283
INFO	2020-10-07 09:10:46	MarkDuplicates	Tracking 0 as yet unmatched pairs. 0 records in RAM.
INFO	2020-10-07 09:10:50	MarkDuplicates	Read     5,000,000 records.  Elapsed time: 00:00:26s.  Time for last 1,000,000:    4s.  Last read position: chr4:41,871,785
INFO	2020-10-07 09:10:50	MarkDuplicates	Tracking 0 as yet unmatched pairs. 0 records in RAM.
INFO	2020-10-07 09:10:54	MarkDuplicates	Read     6,000,000 records.  Elapsed time: 00:00:30s.  Time for last 1,000,000:    4s.  Last read position: chr4:155,824,006
INFO	2020-10-07 09:10:54	MarkDuplicates	Tracking 0 as yet unmatched pairs. 0 records in RAM.
INFO	2020-10-07 09:10:59	MarkDuplicates	Read     7,000,000 records.  Elapsed time: 00:00:35s.  Time for last 1,000,000:    5s.  Last read position: chr5:125,386,317
INFO	2020-10-07 09:10:59	MarkDuplicates	Tracking 0 as yet unmatched pairs. 0 records in RAM.
INFO	2020-10-07 09:11:13	MarkDuplicates	Read     8,000,000 records.  Elapsed time: 00:00:49s.  Time for last 1,000,000:   13s.  Last read position: chr6:99,878,067
INFO	2020-10-07 09:11:13	MarkDuplicates	Tracking 0 as yet unmatched pairs. 0 records in RAM.
INFO	2020-10-07 09:11:18	MarkDuplicates	Read     9,000,000 records.  Elapsed time: 00:00:53s.  Time for last 1,000,000:    4s.  Last read position: chr7:56,722,854
INFO	2020-10-07 09:11:18	MarkDuplicates	Tracking 0 as yet unmatched pairs. 0 records in RAM.
INFO	2020-10-07 09:11:21	MarkDuplicates	Read    10,000,000 records.  Elapsed time: 00:00:57s.  Time for last 1,000,000:    3s.  Last read position: chr8:22,792,771
INFO	2020-10-07 09:11:21	MarkDuplicates	Tracking 0 as yet unmatched pairs. 0 records in RAM.
INFO	2020-10-07 09:11:25	MarkDuplicates	Read    11,000,000 records.  Elapsed time: 00:01:01s.  Time for last 1,000,000:    3s.  Last read position: chr9:21,595,091
INFO	2020-10-07 09:11:25	MarkDuplicates	Tracking 0 as yet unmatched pairs. 0 records in RAM.
INFO	2020-10-07 09:11:28	MarkDuplicates	Read    12,000,000 records.  Elapsed time: 00:01:04s.  Time for last 1,000,000:    3s.  Last read position: chr9:78,175,382
INFO	2020-10-07 09:11:28	MarkDuplicates	Tracking 0 as yet unmatched pairs. 0 records in RAM.
INFO	2020-10-07 09:11:32	MarkDuplicates	Read    13,000,000 records.  Elapsed time: 00:01:07s.  Time for last 1,000,000:    3s.  Last read position: chr10:60,299,121
INFO	2020-10-07 09:11:32	MarkDuplicates	Tracking 0 as yet unmatched pairs. 0 records in RAM.
INFO	2020-10-07 09:11:36	MarkDuplicates	Read    14,000,000 records.  Elapsed time: 00:01:11s.  Time for last 1,000,000:    4s.  Last read position: chr11:32,058,619
INFO	2020-10-07 09:11:36	MarkDuplicates	Tracking 0 as yet unmatched pairs. 0 records in RAM.
INFO	2020-10-07 09:11:40	MarkDuplicates	Read    15,000,000 records.  Elapsed time: 00:01:15s.  Time for last 1,000,000:    4s.  Last read position: chr11:100,462,846
INFO	2020-10-07 09:11:40	MarkDuplicates	Tracking 0 as yet unmatched pairs. 0 records in RAM.
INFO	2020-10-07 09:11:54	MarkDuplicates	Read    16,000,000 records.  Elapsed time: 00:01:30s.  Time for last 1,000,000:   14s.  Last read position: chr12:69,159,385
INFO	2020-10-07 09:11:54	MarkDuplicates	Tracking 0 as yet unmatched pairs. 0 records in RAM.
INFO	2020-10-07 09:11:57	MarkDuplicates	Read    17,000,000 records.  Elapsed time: 00:01:33s.  Time for last 1,000,000:    3s.  Last read position: chr12:69,159,471
INFO	2020-10-07 09:11:57	MarkDuplicates	Tracking 0 as yet unmatched pairs. 0 records in RAM.
INFO	2020-10-07 09:12:00	MarkDuplicates	Read    18,000,000 records.  Elapsed time: 00:01:36s.  Time for last 1,000,000:    3s.  Last read position: chr12:69,159,543
INFO	2020-10-07 09:12:00	MarkDuplicates	Tracking 0 as yet unmatched pairs. 0 records in RAM.
INFO	2020-10-07 09:12:04	MarkDuplicates	Read    19,000,000 records.  Elapsed time: 00:01:39s.  Time for last 1,000,000:    3s.  Last read position: chr12:69,361,368
INFO	2020-10-07 09:12:04	MarkDuplicates	Tracking 0 as yet unmatched pairs. 0 records in RAM.
INFO	2020-10-07 09:12:07	MarkDuplicates	Read    20,000,000 records.  Elapsed time: 00:01:42s.  Time for last 1,000,000:    3s.  Last read position: chr12:72,211,859
INFO	2020-10-07 09:12:07	MarkDuplicates	Tracking 0 as yet unmatched pairs. 0 records in RAM.
INFO	2020-10-07 09:12:10	MarkDuplicates	Read    21,000,000 records.  Elapsed time: 00:01:46s.  Time for last 1,000,000:    3s.  Last read position: chr13:69,594,094
INFO	2020-10-07 09:12:10	MarkDuplicates	Tracking 0 as yet unmatched pairs. 0 records in RAM.
INFO	2020-10-07 09:12:13	MarkDuplicates	Read    22,000,000 records.  Elapsed time: 00:01:49s.  Time for last 1,000,000:    3s.  Last read position: chr14:60,227,286
INFO	2020-10-07 09:12:13	MarkDuplicates	Tracking 0 as yet unmatched pairs. 0 records in RAM.
INFO	2020-10-07 09:12:17	MarkDuplicates	Read    23,000,000 records.  Elapsed time: 00:01:53s.  Time for last 1,000,000:    3s.  Last read position: chr15:83,173,141
INFO	2020-10-07 09:12:17	MarkDuplicates	Tracking 0 as yet unmatched pairs. 0 records in RAM.
INFO	2020-10-07 09:12:32	MarkDuplicates	Read    24,000,000 records.  Elapsed time: 00:02:08s.  Time for last 1,000,000:   14s.  Last read position: chr16:67,453,442
INFO	2020-10-07 09:12:32	MarkDuplicates	Tracking 0 as yet unmatched pairs. 0 records in RAM.
INFO	2020-10-07 09:12:35	MarkDuplicates	Read    25,000,000 records.  Elapsed time: 00:02:11s.  Time for last 1,000,000:    3s.  Last read position: chr17:79,849,760
INFO	2020-10-07 09:12:35	MarkDuplicates	Tracking 0 as yet unmatched pairs. 0 records in RAM.
INFO	2020-10-07 09:12:39	MarkDuplicates	Read    26,000,000 records.  Elapsed time: 00:02:14s.  Time for last 1,000,000:    3s.  Last read position: chr19:9,982,740
INFO	2020-10-07 09:12:39	MarkDuplicates	Tracking 0 as yet unmatched pairs. 0 records in RAM.
INFO	2020-10-07 09:12:42	MarkDuplicates	Read    27,000,000 records.  Elapsed time: 00:02:18s.  Time for last 1,000,000:    3s.  Last read position: chrX:136,667,962
INFO	2020-10-07 09:12:42	MarkDuplicates	Tracking 0 as yet unmatched pairs. 0 records in RAM.
INFO	2020-10-07 09:12:45	MarkDuplicates	Read 27773236 records. 0 pairs never matched.
INFO	2020-10-07 09:12:47	MarkDuplicates	After buildSortedReadEndLists freeMemory: 497962984; totalMemory: 536870912; maxMemory: 2147483648
INFO	2020-10-07 09:12:47	MarkDuplicates	Will retain up to 67108864 duplicate indices before spilling to disk.
INFO	2020-10-07 09:12:48	MarkDuplicates	Traversing read pair information and detecting duplicates.
INFO	2020-10-07 09:12:48	MarkDuplicates	Traversing fragment information and detecting duplicates.
INFO	2020-10-07 09:13:01	MarkDuplicates	Sorting list of duplicate records.
INFO	2020-10-07 09:13:02	MarkDuplicates	After generateDuplicateIndexes freeMemory: 529545024; totalMemory: 1074790400; maxMemory: 2147483648
INFO	2020-10-07 09:13:02	MarkDuplicates	Marking 16370365 records as duplicates.
INFO	2020-10-07 09:13:02	MarkDuplicates	Found 0 optical duplicate clusters.
INFO	2020-10-07 09:13:02	MarkDuplicates	Reads are assumed to be ordered by: coordinate
INFO	2020-10-07 09:14:57	MarkDuplicates	Written    10,000,000 records.  Elapsed time: 00:01:54s.  Time for last 10,000,000:  114s.  Last read position: chr8:22,792,771
INFO	2020-10-07 09:16:38	MarkDuplicates	Written    20,000,000 records.  Elapsed time: 00:03:35s.  Time for last 10,000,000:  101s.  Last read position: chr12:72,211,859
INFO	2020-10-07 09:18:16	MarkDuplicates	Writing complete. Closing input iterator.
INFO	2020-10-07 09:18:16	MarkDuplicates	Duplicate Index cleanup.
INFO	2020-10-07 09:18:16	MarkDuplicates	Getting Memory Stats.
INFO	2020-10-07 09:18:16	MarkDuplicates	Before output close freeMemory: 529333024; totalMemory: 536870912; maxMemory: 2147483648
INFO	2020-10-07 09:18:16	MarkDuplicates	Closed outputs. Getting more Memory Stats.
INFO	2020-10-07 09:18:16	MarkDuplicates	After output close freeMemory: 529333024; totalMemory: 536870912; maxMemory: 2147483648
[Wed Oct 07 09:18:16 CEST 2020] picard.sam.markduplicates.MarkDuplicates done. Elapsed time: 7.89 minutes.
Runtime.totalMemory()=536870912
