INFO	2020-10-07 09:10:22	MarkDuplicates	

********** NOTE: Picard's command line syntax is changing.
**********
********** For more information, please see:
********** https://github.com/broadinstitute/picard/wiki/Command-Line-Syntax-Transition-For-Users-(Pre-Transition)
**********
********** The command line looks like this in the new syntax:
**********
**********    MarkDuplicates -I input/CTRL_S5_L005.bam -O output/CTRL_S5_L005.dupPicard.bam -M output/CTRL_S5_L005.dupPicard.txt
**********


09:10:24.041 INFO  NativeLibraryLoader - Loading libgkl_compression.so from jar:file:/home/ubuntu/softwares/anaconda3/share/picard-2.23.6-0/picard.jar!/com/intel/gkl/native/libgkl_compression.so
[Wed Oct 07 09:10:24 CEST 2020] MarkDuplicates INPUT=[input/CTRL_S5_L005.bam] OUTPUT=output/CTRL_S5_L005.dupPicard.bam METRICS_FILE=output/CTRL_S5_L005.dupPicard.txt    MAX_SEQUENCES_FOR_DISK_READ_ENDS_MAP=50000 MAX_FILE_HANDLES_FOR_READ_ENDS_MAP=8000 SORTING_COLLECTION_SIZE_RATIO=0.25 TAG_DUPLICATE_SET_MEMBERS=false REMOVE_SEQUENCING_DUPLICATES=false TAGGING_POLICY=DontTag CLEAR_DT=true DUPLEX_UMI=false ADD_PG_TAG_TO_READS=true REMOVE_DUPLICATES=false ASSUME_SORTED=false DUPLICATE_SCORING_STRATEGY=SUM_OF_BASE_QUALITIES PROGRAM_RECORD_ID=MarkDuplicates PROGRAM_GROUP_NAME=MarkDuplicates READ_NAME_REGEX=<optimized capture of last three ':' separated fields as numeric values> OPTICAL_DUPLICATE_PIXEL_DISTANCE=100 MAX_OPTICAL_DUPLICATE_SET_SIZE=300000 VERBOSITY=INFO QUIET=false VALIDATION_STRINGENCY=STRICT COMPRESSION_LEVEL=5 MAX_RECORDS_IN_RAM=500000 CREATE_INDEX=false CREATE_MD5_FILE=false GA4GH_CLIENT_SECRETS=client_secrets.json USE_JDK_DEFLATER=false USE_JDK_INFLATER=false
[Wed Oct 07 09:10:24 CEST 2020] Executing as ubuntu@dkt on Linux 4.4.0-187-generic amd64; OpenJDK 64-Bit Server VM 11.0.8-internal+0-adhoc..src; Deflater: Intel; Inflater: Intel; Provider GCS is not available; Picard version: 2.23.6
INFO	2020-10-07 09:10:24	MarkDuplicates	Start of doWork freeMemory: 530642776; totalMemory: 536870912; maxMemory: 2147483648
INFO	2020-10-07 09:10:24	MarkDuplicates	Reading input file and constructing read end information.
INFO	2020-10-07 09:10:24	MarkDuplicates	Will retain up to 7780737 data points before spilling to disk.
INFO	2020-10-07 09:10:32	MarkDuplicates	Read     1,000,000 records.  Elapsed time: 00:00:08s.  Time for last 1,000,000:    8s.  Last read position: chr1:58,419,982
INFO	2020-10-07 09:10:32	MarkDuplicates	Tracking 0 as yet unmatched pairs. 0 records in RAM.
INFO	2020-10-07 09:10:37	MarkDuplicates	Read     2,000,000 records.  Elapsed time: 00:00:12s.  Time for last 1,000,000:    4s.  Last read position: chr1:151,391,200
INFO	2020-10-07 09:10:37	MarkDuplicates	Tracking 0 as yet unmatched pairs. 0 records in RAM.
INFO	2020-10-07 09:10:42	MarkDuplicates	Read     3,000,000 records.  Elapsed time: 00:00:17s.  Time for last 1,000,000:    4s.  Last read position: chr2:7,076,294
INFO	2020-10-07 09:10:42	MarkDuplicates	Tracking 0 as yet unmatched pairs. 0 records in RAM.
INFO	2020-10-07 09:10:46	MarkDuplicates	Read     4,000,000 records.  Elapsed time: 00:00:21s.  Time for last 1,000,000:    4s.  Last read position: chr2:68,122,566
INFO	2020-10-07 09:10:46	MarkDuplicates	Tracking 0 as yet unmatched pairs. 0 records in RAM.
INFO	2020-10-07 09:10:50	MarkDuplicates	Read     5,000,000 records.  Elapsed time: 00:00:25s.  Time for last 1,000,000:    4s.  Last read position: chr2:127,456,585
INFO	2020-10-07 09:10:50	MarkDuplicates	Tracking 0 as yet unmatched pairs. 0 records in RAM.
INFO	2020-10-07 09:10:54	MarkDuplicates	Read     6,000,000 records.  Elapsed time: 00:00:30s.  Time for last 1,000,000:    4s.  Last read position: chr2:169,883,981
INFO	2020-10-07 09:10:54	MarkDuplicates	Tracking 0 as yet unmatched pairs. 0 records in RAM.
INFO	2020-10-07 09:10:59	MarkDuplicates	Read     7,000,000 records.  Elapsed time: 00:00:34s.  Time for last 1,000,000:    4s.  Last read position: chr3:89,433,635
INFO	2020-10-07 09:10:59	MarkDuplicates	Tracking 0 as yet unmatched pairs. 0 records in RAM.
INFO	2020-10-07 09:11:12	MarkDuplicates	Read     8,000,000 records.  Elapsed time: 00:00:48s.  Time for last 1,000,000:   13s.  Last read position: chr4:14,954,841
INFO	2020-10-07 09:11:12	MarkDuplicates	Tracking 0 as yet unmatched pairs. 0 records in RAM.
INFO	2020-10-07 09:11:17	MarkDuplicates	Read     9,000,000 records.  Elapsed time: 00:00:52s.  Time for last 1,000,000:    4s.  Last read position: chr4:123,194,306
INFO	2020-10-07 09:11:17	MarkDuplicates	Tracking 0 as yet unmatched pairs. 0 records in RAM.
INFO	2020-10-07 09:11:20	MarkDuplicates	Read    10,000,000 records.  Elapsed time: 00:00:56s.  Time for last 1,000,000:    3s.  Last read position: chr5:9,484,067
INFO	2020-10-07 09:11:20	MarkDuplicates	Tracking 0 as yet unmatched pairs. 0 records in RAM.
INFO	2020-10-07 09:11:24	MarkDuplicates	Read    11,000,000 records.  Elapsed time: 00:00:59s.  Time for last 1,000,000:    3s.  Last read position: chr5:101,922,617
INFO	2020-10-07 09:11:24	MarkDuplicates	Tracking 0 as yet unmatched pairs. 0 records in RAM.
INFO	2020-10-07 09:11:27	MarkDuplicates	Read    12,000,000 records.  Elapsed time: 00:01:03s.  Time for last 1,000,000:    3s.  Last read position: chr5:143,506,419
INFO	2020-10-07 09:11:27	MarkDuplicates	Tracking 0 as yet unmatched pairs. 0 records in RAM.
INFO	2020-10-07 09:11:31	MarkDuplicates	Read    13,000,000 records.  Elapsed time: 00:01:06s.  Time for last 1,000,000:    3s.  Last read position: chr6:87,819,072
INFO	2020-10-07 09:11:31	MarkDuplicates	Tracking 0 as yet unmatched pairs. 0 records in RAM.
INFO	2020-10-07 09:11:34	MarkDuplicates	Read    14,000,000 records.  Elapsed time: 00:01:10s.  Time for last 1,000,000:    3s.  Last read position: chr7:7,293,922
INFO	2020-10-07 09:11:34	MarkDuplicates	Tracking 0 as yet unmatched pairs. 0 records in RAM.
INFO	2020-10-07 09:11:38	MarkDuplicates	Read    15,000,000 records.  Elapsed time: 00:01:14s.  Time for last 1,000,000:    3s.  Last read position: chr7:75,206,431
INFO	2020-10-07 09:11:38	MarkDuplicates	Tracking 0 as yet unmatched pairs. 0 records in RAM.
INFO	2020-10-07 09:11:54	MarkDuplicates	Read    16,000,000 records.  Elapsed time: 00:01:29s.  Time for last 1,000,000:   15s.  Last read position: chr7:130,912,692
INFO	2020-10-07 09:11:54	MarkDuplicates	Tracking 0 as yet unmatched pairs. 0 records in RAM.
INFO	2020-10-07 09:11:57	MarkDuplicates	Read    17,000,000 records.  Elapsed time: 00:01:33s.  Time for last 1,000,000:    3s.  Last read position: chr8:66,481,209
INFO	2020-10-07 09:11:57	MarkDuplicates	Tracking 0 as yet unmatched pairs. 0 records in RAM.
INFO	2020-10-07 09:12:00	MarkDuplicates	Read    18,000,000 records.  Elapsed time: 00:01:36s.  Time for last 1,000,000:    3s.  Last read position: chr8:123,661,214
INFO	2020-10-07 09:12:00	MarkDuplicates	Tracking 0 as yet unmatched pairs. 0 records in RAM.
INFO	2020-10-07 09:12:04	MarkDuplicates	Read    19,000,000 records.  Elapsed time: 00:01:39s.  Time for last 1,000,000:    3s.  Last read position: chr9:64,176,130
INFO	2020-10-07 09:12:04	MarkDuplicates	Tracking 0 as yet unmatched pairs. 0 records in RAM.
INFO	2020-10-07 09:12:07	MarkDuplicates	Read    20,000,000 records.  Elapsed time: 00:01:42s.  Time for last 1,000,000:    3s.  Last read position: chr9:91,097,900
INFO	2020-10-07 09:12:07	MarkDuplicates	Tracking 0 as yet unmatched pairs. 0 records in RAM.
INFO	2020-10-07 09:12:10	MarkDuplicates	Read    21,000,000 records.  Elapsed time: 00:01:46s.  Time for last 1,000,000:    3s.  Last read position: chr10:57,519,367
INFO	2020-10-07 09:12:10	MarkDuplicates	Tracking 0 as yet unmatched pairs. 0 records in RAM.
INFO	2020-10-07 09:12:13	MarkDuplicates	Read    22,000,000 records.  Elapsed time: 00:01:49s.  Time for last 1,000,000:    3s.  Last read position: chr10:119,201,208
INFO	2020-10-07 09:12:13	MarkDuplicates	Tracking 0 as yet unmatched pairs. 0 records in RAM.
INFO	2020-10-07 09:12:18	MarkDuplicates	Read    23,000,000 records.  Elapsed time: 00:01:53s.  Time for last 1,000,000:    4s.  Last read position: chr11:46,221,406
INFO	2020-10-07 09:12:18	MarkDuplicates	Tracking 0 as yet unmatched pairs. 0 records in RAM.
INFO	2020-10-07 09:12:32	MarkDuplicates	Read    24,000,000 records.  Elapsed time: 00:02:07s.  Time for last 1,000,000:   14s.  Last read position: chr11:78,538,737
INFO	2020-10-07 09:12:32	MarkDuplicates	Tracking 0 as yet unmatched pairs. 0 records in RAM.
INFO	2020-10-07 09:12:35	MarkDuplicates	Read    25,000,000 records.  Elapsed time: 00:02:10s.  Time for last 1,000,000:    3s.  Last read position: chr11:116,692,292
INFO	2020-10-07 09:12:35	MarkDuplicates	Tracking 0 as yet unmatched pairs. 0 records in RAM.
INFO	2020-10-07 09:12:38	MarkDuplicates	Read    26,000,000 records.  Elapsed time: 00:02:13s.  Time for last 1,000,000:    2s.  Last read position: chr12:69,159,375
INFO	2020-10-07 09:12:38	MarkDuplicates	Tracking 0 as yet unmatched pairs. 0 records in RAM.
INFO	2020-10-07 09:12:41	MarkDuplicates	Read    27,000,000 records.  Elapsed time: 00:02:17s.  Time for last 1,000,000:    3s.  Last read position: chr12:69,361,275
INFO	2020-10-07 09:12:41	MarkDuplicates	Tracking 0 as yet unmatched pairs. 0 records in RAM.
INFO	2020-10-07 09:12:44	MarkDuplicates	Read    28,000,000 records.  Elapsed time: 00:02:20s.  Time for last 1,000,000:    3s.  Last read position: chr12:69,361,384
INFO	2020-10-07 09:12:44	MarkDuplicates	Tracking 0 as yet unmatched pairs. 0 records in RAM.
INFO	2020-10-07 09:12:48	MarkDuplicates	Read    29,000,000 records.  Elapsed time: 00:02:23s.  Time for last 1,000,000:    3s.  Last read position: chr13:9,877,571
INFO	2020-10-07 09:12:48	MarkDuplicates	Tracking 0 as yet unmatched pairs. 0 records in RAM.
INFO	2020-10-07 09:12:52	MarkDuplicates	Read    30,000,000 records.  Elapsed time: 00:02:28s.  Time for last 1,000,000:    4s.  Last read position: chr13:99,422,067
INFO	2020-10-07 09:12:52	MarkDuplicates	Tracking 0 as yet unmatched pairs. 0 records in RAM.
INFO	2020-10-07 09:12:57	MarkDuplicates	Read    31,000,000 records.  Elapsed time: 00:02:32s.  Time for last 1,000,000:    4s.  Last read position: chr14:56,766,931
INFO	2020-10-07 09:12:57	MarkDuplicates	Tracking 0 as yet unmatched pairs. 0 records in RAM.
INFO	2020-10-07 09:13:06	MarkDuplicates	Read    32,000,000 records.  Elapsed time: 00:02:42s.  Time for last 1,000,000:    9s.  Last read position: chr15:39,878,264
INFO	2020-10-07 09:13:06	MarkDuplicates	Tracking 0 as yet unmatched pairs. 0 records in RAM.
INFO	2020-10-07 09:13:10	MarkDuplicates	Read    33,000,000 records.  Elapsed time: 00:02:46s.  Time for last 1,000,000:    4s.  Last read position: chr15:93,234,464
INFO	2020-10-07 09:13:10	MarkDuplicates	Tracking 0 as yet unmatched pairs. 0 records in RAM.
INFO	2020-10-07 09:13:16	MarkDuplicates	Read    34,000,000 records.  Elapsed time: 00:02:51s.  Time for last 1,000,000:    5s.  Last read position: chr16:36,002,903
INFO	2020-10-07 09:13:16	MarkDuplicates	Tracking 0 as yet unmatched pairs. 0 records in RAM.
INFO	2020-10-07 09:13:20	MarkDuplicates	Read    35,000,000 records.  Elapsed time: 00:02:56s.  Time for last 1,000,000:    4s.  Last read position: chr17:27,709,223
INFO	2020-10-07 09:13:20	MarkDuplicates	Tracking 0 as yet unmatched pairs. 0 records in RAM.
INFO	2020-10-07 09:13:25	MarkDuplicates	Read    36,000,000 records.  Elapsed time: 00:03:00s.  Time for last 1,000,000:    4s.  Last read position: chr17:90,590,200
INFO	2020-10-07 09:13:25	MarkDuplicates	Tracking 0 as yet unmatched pairs. 0 records in RAM.
INFO	2020-10-07 09:13:28	MarkDuplicates	Read    37,000,000 records.  Elapsed time: 00:03:04s.  Time for last 1,000,000:    3s.  Last read position: chr18:82,584,455
INFO	2020-10-07 09:13:28	MarkDuplicates	Tracking 0 as yet unmatched pairs. 0 records in RAM.
INFO	2020-10-07 09:13:32	MarkDuplicates	Read    38,000,000 records.  Elapsed time: 00:03:08s.  Time for last 1,000,000:    3s.  Last read position: chr19:47,642,208
INFO	2020-10-07 09:13:32	MarkDuplicates	Tracking 0 as yet unmatched pairs. 0 records in RAM.
INFO	2020-10-07 09:13:40	MarkDuplicates	Read    39,000,000 records.  Elapsed time: 00:03:15s.  Time for last 1,000,000:    7s.  Last read position: chrX:134,605,704
INFO	2020-10-07 09:13:40	MarkDuplicates	Tracking 0 as yet unmatched pairs. 0 records in RAM.
INFO	2020-10-07 09:13:42	MarkDuplicates	Read    40,000,000 records.  Elapsed time: 00:03:18s.  Time for last 1,000,000:    2s.  Last read position: chrM:1,723
INFO	2020-10-07 09:13:42	MarkDuplicates	Tracking 0 as yet unmatched pairs. 0 records in RAM.
INFO	2020-10-07 09:13:46	MarkDuplicates	Read    41,000,000 records.  Elapsed time: 00:03:21s.  Time for last 1,000,000:    3s.  Last read position: chrM:8,684
INFO	2020-10-07 09:13:46	MarkDuplicates	Tracking 0 as yet unmatched pairs. 0 records in RAM.
INFO	2020-10-07 09:13:47	MarkDuplicates	Read 41463368 records. 0 pairs never matched.
INFO	2020-10-07 09:13:49	MarkDuplicates	After buildSortedReadEndLists freeMemory: 497961504; totalMemory: 536870912; maxMemory: 2147483648
INFO	2020-10-07 09:13:49	MarkDuplicates	Will retain up to 67108864 duplicate indices before spilling to disk.
INFO	2020-10-07 09:13:49	MarkDuplicates	Traversing read pair information and detecting duplicates.
INFO	2020-10-07 09:13:49	MarkDuplicates	Traversing fragment information and detecting duplicates.
INFO	2020-10-07 09:14:02	MarkDuplicates	Sorting list of duplicate records.
INFO	2020-10-07 09:14:04	MarkDuplicates	After generateDuplicateIndexes freeMemory: 529543424; totalMemory: 1074790400; maxMemory: 2147483648
INFO	2020-10-07 09:14:04	MarkDuplicates	Marking 26366445 records as duplicates.
INFO	2020-10-07 09:14:04	MarkDuplicates	Found 0 optical duplicate clusters.
INFO	2020-10-07 09:14:04	MarkDuplicates	Reads are assumed to be ordered by: coordinate
INFO	2020-10-07 09:15:39	MarkDuplicates	Written    10,000,000 records.  Elapsed time: 00:01:35s.  Time for last 10,000,000:   95s.  Last read position: chr5:9,484,067
INFO	2020-10-07 09:17:31	MarkDuplicates	Written    20,000,000 records.  Elapsed time: 00:03:27s.  Time for last 10,000,000:  111s.  Last read position: chr9:91,097,900
INFO	2020-10-07 09:19:05	MarkDuplicates	Written    30,000,000 records.  Elapsed time: 00:05:00s.  Time for last 10,000,000:   93s.  Last read position: chr13:99,422,067
INFO	2020-10-07 09:20:30	MarkDuplicates	Written    40,000,000 records.  Elapsed time: 00:06:26s.  Time for last 10,000,000:   85s.  Last read position: chrM:1,723
INFO	2020-10-07 09:20:51	MarkDuplicates	Writing complete. Closing input iterator.
INFO	2020-10-07 09:20:51	MarkDuplicates	Duplicate Index cleanup.
INFO	2020-10-07 09:20:51	MarkDuplicates	Getting Memory Stats.
INFO	2020-10-07 09:20:51	MarkDuplicates	Before output close freeMemory: 529399776; totalMemory: 536870912; maxMemory: 2147483648
INFO	2020-10-07 09:20:51	MarkDuplicates	Closed outputs. Getting more Memory Stats.
INFO	2020-10-07 09:20:51	MarkDuplicates	After output close freeMemory: 529399776; totalMemory: 536870912; maxMemory: 2147483648
[Wed Oct 07 09:20:51 CEST 2020] picard.sam.markduplicates.MarkDuplicates done. Elapsed time: 10.46 minutes.
Runtime.totalMemory()=536870912
