INFO	2020-10-07 09:10:22	MarkDuplicates	

********** NOTE: Picard's command line syntax is changing.
**********
********** For more information, please see:
********** https://github.com/broadinstitute/picard/wiki/Command-Line-Syntax-Transition-For-Users-(Pre-Transition)
**********
********** The command line looks like this in the new syntax:
**********
**********    MarkDuplicates -I input/MSUS_S6_L005.bam -O output/MSUS_S6_L005.dupPicard.bam -M output/MSUS_S6_L005.dupPicard.txt
**********


09:10:23.633 INFO  NativeLibraryLoader - Loading libgkl_compression.so from jar:file:/home/ubuntu/softwares/anaconda3/share/picard-2.23.6-0/picard.jar!/com/intel/gkl/native/libgkl_compression.so
[Wed Oct 07 09:10:23 CEST 2020] MarkDuplicates INPUT=[input/MSUS_S6_L005.bam] OUTPUT=output/MSUS_S6_L005.dupPicard.bam METRICS_FILE=output/MSUS_S6_L005.dupPicard.txt    MAX_SEQUENCES_FOR_DISK_READ_ENDS_MAP=50000 MAX_FILE_HANDLES_FOR_READ_ENDS_MAP=8000 SORTING_COLLECTION_SIZE_RATIO=0.25 TAG_DUPLICATE_SET_MEMBERS=false REMOVE_SEQUENCING_DUPLICATES=false TAGGING_POLICY=DontTag CLEAR_DT=true DUPLEX_UMI=false ADD_PG_TAG_TO_READS=true REMOVE_DUPLICATES=false ASSUME_SORTED=false DUPLICATE_SCORING_STRATEGY=SUM_OF_BASE_QUALITIES PROGRAM_RECORD_ID=MarkDuplicates PROGRAM_GROUP_NAME=MarkDuplicates READ_NAME_REGEX=<optimized capture of last three ':' separated fields as numeric values> OPTICAL_DUPLICATE_PIXEL_DISTANCE=100 MAX_OPTICAL_DUPLICATE_SET_SIZE=300000 VERBOSITY=INFO QUIET=false VALIDATION_STRINGENCY=STRICT COMPRESSION_LEVEL=5 MAX_RECORDS_IN_RAM=500000 CREATE_INDEX=false CREATE_MD5_FILE=false GA4GH_CLIENT_SECRETS=client_secrets.json USE_JDK_DEFLATER=false USE_JDK_INFLATER=false
[Wed Oct 07 09:10:23 CEST 2020] Executing as ubuntu@dkt on Linux 4.4.0-187-generic amd64; OpenJDK 64-Bit Server VM 11.0.8-internal+0-adhoc..src; Deflater: Intel; Inflater: Intel; Provider GCS is not available; Picard version: 2.23.6
INFO	2020-10-07 09:10:23	MarkDuplicates	Start of doWork freeMemory: 530641816; totalMemory: 536870912; maxMemory: 2147483648
INFO	2020-10-07 09:10:23	MarkDuplicates	Reading input file and constructing read end information.
INFO	2020-10-07 09:10:23	MarkDuplicates	Will retain up to 7780737 data points before spilling to disk.
INFO	2020-10-07 09:10:32	MarkDuplicates	Read     1,000,000 records.  Elapsed time: 00:00:08s.  Time for last 1,000,000:    8s.  Last read position: chr1:66,438,971
INFO	2020-10-07 09:10:32	MarkDuplicates	Tracking 0 as yet unmatched pairs. 0 records in RAM.
INFO	2020-10-07 09:10:38	MarkDuplicates	Read     2,000,000 records.  Elapsed time: 00:00:13s.  Time for last 1,000,000:    5s.  Last read position: chr1:163,862,742
INFO	2020-10-07 09:10:38	MarkDuplicates	Tracking 0 as yet unmatched pairs. 0 records in RAM.
INFO	2020-10-07 09:10:42	MarkDuplicates	Read     3,000,000 records.  Elapsed time: 00:00:17s.  Time for last 1,000,000:    3s.  Last read position: chr2:29,992,737
INFO	2020-10-07 09:10:42	MarkDuplicates	Tracking 0 as yet unmatched pairs. 0 records in RAM.
INFO	2020-10-07 09:10:46	MarkDuplicates	Read     4,000,000 records.  Elapsed time: 00:00:21s.  Time for last 1,000,000:    4s.  Last read position: chr2:102,781,678
INFO	2020-10-07 09:10:46	MarkDuplicates	Tracking 0 as yet unmatched pairs. 0 records in RAM.
INFO	2020-10-07 09:10:49	MarkDuplicates	Read     5,000,000 records.  Elapsed time: 00:00:25s.  Time for last 1,000,000:    3s.  Last read position: chr2:155,490,431
INFO	2020-10-07 09:10:49	MarkDuplicates	Tracking 0 as yet unmatched pairs. 0 records in RAM.
INFO	2020-10-07 09:10:53	MarkDuplicates	Read     6,000,000 records.  Elapsed time: 00:00:29s.  Time for last 1,000,000:    4s.  Last read position: chr3:68,625,849
INFO	2020-10-07 09:10:53	MarkDuplicates	Tracking 0 as yet unmatched pairs. 0 records in RAM.
INFO	2020-10-07 09:10:57	MarkDuplicates	Read     7,000,000 records.  Elapsed time: 00:00:33s.  Time for last 1,000,000:    4s.  Last read position: chr3:146,731,318
INFO	2020-10-07 09:10:57	MarkDuplicates	Tracking 0 as yet unmatched pairs. 0 records in RAM.
INFO	2020-10-07 09:11:11	MarkDuplicates	Read     8,000,000 records.  Elapsed time: 00:00:47s.  Time for last 1,000,000:   14s.  Last read position: chr4:116,693,834
INFO	2020-10-07 09:11:11	MarkDuplicates	Tracking 0 as yet unmatched pairs. 0 records in RAM.
INFO	2020-10-07 09:11:16	MarkDuplicates	Read     9,000,000 records.  Elapsed time: 00:00:51s.  Time for last 1,000,000:    4s.  Last read position: chr5:9,479,223
INFO	2020-10-07 09:11:16	MarkDuplicates	Tracking 0 as yet unmatched pairs. 0 records in RAM.
INFO	2020-10-07 09:11:20	MarkDuplicates	Read    10,000,000 records.  Elapsed time: 00:00:55s.  Time for last 1,000,000:    3s.  Last read position: chr5:107,620,153
INFO	2020-10-07 09:11:20	MarkDuplicates	Tracking 0 as yet unmatched pairs. 0 records in RAM.
INFO	2020-10-07 09:11:23	MarkDuplicates	Read    11,000,000 records.  Elapsed time: 00:00:59s.  Time for last 1,000,000:    3s.  Last read position: chr6:13,085,992
INFO	2020-10-07 09:11:23	MarkDuplicates	Tracking 0 as yet unmatched pairs. 0 records in RAM.
INFO	2020-10-07 09:11:27	MarkDuplicates	Read    12,000,000 records.  Elapsed time: 00:01:03s.  Time for last 1,000,000:    3s.  Last read position: chr6:114,315,438
INFO	2020-10-07 09:11:27	MarkDuplicates	Tracking 0 as yet unmatched pairs. 0 records in RAM.
INFO	2020-10-07 09:11:30	MarkDuplicates	Read    13,000,000 records.  Elapsed time: 00:01:06s.  Time for last 1,000,000:    3s.  Last read position: chr7:30,436,804
INFO	2020-10-07 09:11:30	MarkDuplicates	Tracking 0 as yet unmatched pairs. 0 records in RAM.
INFO	2020-10-07 09:11:34	MarkDuplicates	Read    14,000,000 records.  Elapsed time: 00:01:10s.  Time for last 1,000,000:    3s.  Last read position: chr7:112,118,009
INFO	2020-10-07 09:11:34	MarkDuplicates	Tracking 0 as yet unmatched pairs. 0 records in RAM.
INFO	2020-10-07 09:11:38	MarkDuplicates	Read    15,000,000 records.  Elapsed time: 00:01:14s.  Time for last 1,000,000:    3s.  Last read position: chr8:46,207,275
INFO	2020-10-07 09:11:38	MarkDuplicates	Tracking 0 as yet unmatched pairs. 0 records in RAM.
INFO	2020-10-07 09:11:52	MarkDuplicates	Read    16,000,000 records.  Elapsed time: 00:01:28s.  Time for last 1,000,000:   14s.  Last read position: chr8:119,454,436
INFO	2020-10-07 09:11:52	MarkDuplicates	Tracking 0 as yet unmatched pairs. 0 records in RAM.
INFO	2020-10-07 09:11:56	MarkDuplicates	Read    17,000,000 records.  Elapsed time: 00:01:32s.  Time for last 1,000,000:    3s.  Last read position: chr9:61,914,409
INFO	2020-10-07 09:11:56	MarkDuplicates	Tracking 0 as yet unmatched pairs. 0 records in RAM.
INFO	2020-10-07 09:11:59	MarkDuplicates	Read    18,000,000 records.  Elapsed time: 00:01:35s.  Time for last 1,000,000:    3s.  Last read position: chr9:106,973,942
INFO	2020-10-07 09:11:59	MarkDuplicates	Tracking 0 as yet unmatched pairs. 0 records in RAM.
INFO	2020-10-07 09:12:03	MarkDuplicates	Read    19,000,000 records.  Elapsed time: 00:01:38s.  Time for last 1,000,000:    3s.  Last read position: chr10:72,674,254
INFO	2020-10-07 09:12:03	MarkDuplicates	Tracking 0 as yet unmatched pairs. 0 records in RAM.
INFO	2020-10-07 09:12:06	MarkDuplicates	Read    20,000,000 records.  Elapsed time: 00:01:41s.  Time for last 1,000,000:    3s.  Last read position: chr11:4,848,930
INFO	2020-10-07 09:12:06	MarkDuplicates	Tracking 0 as yet unmatched pairs. 0 records in RAM.
INFO	2020-10-07 09:12:09	MarkDuplicates	Read    21,000,000 records.  Elapsed time: 00:01:45s.  Time for last 1,000,000:    3s.  Last read position: chr11:65,688,703
INFO	2020-10-07 09:12:09	MarkDuplicates	Tracking 0 as yet unmatched pairs. 0 records in RAM.
INFO	2020-10-07 09:12:12	MarkDuplicates	Read    22,000,000 records.  Elapsed time: 00:01:48s.  Time for last 1,000,000:    3s.  Last read position: chr11:101,039,909
INFO	2020-10-07 09:12:12	MarkDuplicates	Tracking 0 as yet unmatched pairs. 0 records in RAM.
INFO	2020-10-07 09:12:16	MarkDuplicates	Read    23,000,000 records.  Elapsed time: 00:01:52s.  Time for last 1,000,000:    3s.  Last read position: chr12:59,001,839
INFO	2020-10-07 09:12:16	MarkDuplicates	Tracking 0 as yet unmatched pairs. 0 records in RAM.
INFO	2020-10-07 09:12:27	MarkDuplicates	Read    24,000,000 records.  Elapsed time: 00:02:02s.  Time for last 1,000,000:   10s.  Last read position: chr12:69,361,249
INFO	2020-10-07 09:12:27	MarkDuplicates	Tracking 0 as yet unmatched pairs. 0 records in RAM.
INFO	2020-10-07 09:12:30	MarkDuplicates	Read    25,000,000 records.  Elapsed time: 00:02:06s.  Time for last 1,000,000:    3s.  Last read position: chr12:80,489,509
INFO	2020-10-07 09:12:30	MarkDuplicates	Tracking 0 as yet unmatched pairs. 0 records in RAM.
INFO	2020-10-07 09:12:34	MarkDuplicates	Read    26,000,000 records.  Elapsed time: 00:02:09s.  Time for last 1,000,000:    3s.  Last read position: chr13:43,421,303
INFO	2020-10-07 09:12:34	MarkDuplicates	Tracking 0 as yet unmatched pairs. 0 records in RAM.
INFO	2020-10-07 09:12:37	MarkDuplicates	Read    27,000,000 records.  Elapsed time: 00:02:13s.  Time for last 1,000,000:    3s.  Last read position: chr14:19,875,143
INFO	2020-10-07 09:12:37	MarkDuplicates	Tracking 0 as yet unmatched pairs. 0 records in RAM.
INFO	2020-10-07 09:12:40	MarkDuplicates	Read    28,000,000 records.  Elapsed time: 00:02:16s.  Time for last 1,000,000:    3s.  Last read position: chr14:108,744,003
INFO	2020-10-07 09:12:40	MarkDuplicates	Tracking 0 as yet unmatched pairs. 0 records in RAM.
INFO	2020-10-07 09:12:44	MarkDuplicates	Read    29,000,000 records.  Elapsed time: 00:02:19s.  Time for last 1,000,000:    3s.  Last read position: chr15:82,259,684
INFO	2020-10-07 09:12:44	MarkDuplicates	Tracking 0 as yet unmatched pairs. 0 records in RAM.
INFO	2020-10-07 09:12:47	MarkDuplicates	Read    30,000,000 records.  Elapsed time: 00:02:23s.  Time for last 1,000,000:    3s.  Last read position: chr16:20,128,482
INFO	2020-10-07 09:12:47	MarkDuplicates	Tracking 0 as yet unmatched pairs. 0 records in RAM.
INFO	2020-10-07 09:12:52	MarkDuplicates	Read    31,000,000 records.  Elapsed time: 00:02:27s.  Time for last 1,000,000:    4s.  Last read position: chr17:23,762,311
INFO	2020-10-07 09:12:52	MarkDuplicates	Tracking 0 as yet unmatched pairs. 0 records in RAM.
INFO	2020-10-07 09:13:01	MarkDuplicates	Read    32,000,000 records.  Elapsed time: 00:02:37s.  Time for last 1,000,000:    9s.  Last read position: chr17:87,035,566
INFO	2020-10-07 09:13:01	MarkDuplicates	Tracking 0 as yet unmatched pairs. 0 records in RAM.
INFO	2020-10-07 09:13:06	MarkDuplicates	Read    33,000,000 records.  Elapsed time: 00:02:42s.  Time for last 1,000,000:    4s.  Last read position: chr18:80,909,632
INFO	2020-10-07 09:13:06	MarkDuplicates	Tracking 0 as yet unmatched pairs. 0 records in RAM.
INFO	2020-10-07 09:13:11	MarkDuplicates	Read    34,000,000 records.  Elapsed time: 00:02:47s.  Time for last 1,000,000:    4s.  Last read position: chr19:60,528,926
INFO	2020-10-07 09:13:11	MarkDuplicates	Tracking 0 as yet unmatched pairs. 0 records in RAM.
INFO	2020-10-07 09:13:16	MarkDuplicates	Read    35,000,000 records.  Elapsed time: 00:02:52s.  Time for last 1,000,000:    5s.  Last read position: chrX:151,918,760
INFO	2020-10-07 09:13:16	MarkDuplicates	Tracking 0 as yet unmatched pairs. 0 records in RAM.
INFO	2020-10-07 09:13:20	MarkDuplicates	Read    36,000,000 records.  Elapsed time: 00:02:56s.  Time for last 1,000,000:    4s.  Last read position: chrM:5,351
INFO	2020-10-07 09:13:20	MarkDuplicates	Tracking 0 as yet unmatched pairs. 0 records in RAM.
INFO	2020-10-07 09:13:25	MarkDuplicates	Read 36992545 records. 0 pairs never matched.
INFO	2020-10-07 09:13:29	MarkDuplicates	After buildSortedReadEndLists freeMemory: 497961312; totalMemory: 536870912; maxMemory: 2147483648
INFO	2020-10-07 09:13:29	MarkDuplicates	Will retain up to 67108864 duplicate indices before spilling to disk.
INFO	2020-10-07 09:13:29	MarkDuplicates	Traversing read pair information and detecting duplicates.
INFO	2020-10-07 09:13:29	MarkDuplicates	Traversing fragment information and detecting duplicates.
INFO	2020-10-07 09:13:42	MarkDuplicates	Sorting list of duplicate records.
INFO	2020-10-07 09:13:44	MarkDuplicates	After generateDuplicateIndexes freeMemory: 529543552; totalMemory: 1074790400; maxMemory: 2147483648
INFO	2020-10-07 09:13:44	MarkDuplicates	Marking 21929120 records as duplicates.
INFO	2020-10-07 09:13:44	MarkDuplicates	Found 0 optical duplicate clusters.
INFO	2020-10-07 09:13:44	MarkDuplicates	Reads are assumed to be ordered by: coordinate
INFO	2020-10-07 09:15:22	MarkDuplicates	Written    10,000,000 records.  Elapsed time: 00:01:38s.  Time for last 10,000,000:   98s.  Last read position: chr5:107,620,153
INFO	2020-10-07 09:17:10	MarkDuplicates	Written    20,000,000 records.  Elapsed time: 00:03:26s.  Time for last 10,000,000:  107s.  Last read position: chr11:4,848,930
INFO	2020-10-07 09:18:50	MarkDuplicates	Written    30,000,000 records.  Elapsed time: 00:05:06s.  Time for last 10,000,000:   99s.  Last read position: chr16:20,128,482
INFO	2020-10-07 09:20:00	MarkDuplicates	Writing complete. Closing input iterator.
INFO	2020-10-07 09:20:00	MarkDuplicates	Duplicate Index cleanup.
INFO	2020-10-07 09:20:00	MarkDuplicates	Getting Memory Stats.
INFO	2020-10-07 09:20:00	MarkDuplicates	Before output close freeMemory: 529366592; totalMemory: 536870912; maxMemory: 2147483648
INFO	2020-10-07 09:20:00	MarkDuplicates	Closed outputs. Getting more Memory Stats.
INFO	2020-10-07 09:20:00	MarkDuplicates	After output close freeMemory: 529366592; totalMemory: 536870912; maxMemory: 2147483648
[Wed Oct 07 09:20:00 CEST 2020] picard.sam.markduplicates.MarkDuplicates done. Elapsed time: 9.62 minutes.
Runtime.totalMemory()=536870912
