INFO	2020-10-07 09:10:22	MarkDuplicates	

********** NOTE: Picard's command line syntax is changing.
**********
********** For more information, please see:
********** https://github.com/broadinstitute/picard/wiki/Command-Line-Syntax-Transition-For-Users-(Pre-Transition)
**********
********** The command line looks like this in the new syntax:
**********
**********    MarkDuplicates -I input/MSUS_S2_L005.bam -O output/MSUS_S2_L005.dupPicard.bam -M output/MSUS_S2_L005.dupPicard.txt
**********


09:10:23.533 INFO  NativeLibraryLoader - Loading libgkl_compression.so from jar:file:/home/ubuntu/softwares/anaconda3/share/picard-2.23.6-0/picard.jar!/com/intel/gkl/native/libgkl_compression.so
[Wed Oct 07 09:10:23 CEST 2020] MarkDuplicates INPUT=[input/MSUS_S2_L005.bam] OUTPUT=output/MSUS_S2_L005.dupPicard.bam METRICS_FILE=output/MSUS_S2_L005.dupPicard.txt    MAX_SEQUENCES_FOR_DISK_READ_ENDS_MAP=50000 MAX_FILE_HANDLES_FOR_READ_ENDS_MAP=8000 SORTING_COLLECTION_SIZE_RATIO=0.25 TAG_DUPLICATE_SET_MEMBERS=false REMOVE_SEQUENCING_DUPLICATES=false TAGGING_POLICY=DontTag CLEAR_DT=true DUPLEX_UMI=false ADD_PG_TAG_TO_READS=true REMOVE_DUPLICATES=false ASSUME_SORTED=false DUPLICATE_SCORING_STRATEGY=SUM_OF_BASE_QUALITIES PROGRAM_RECORD_ID=MarkDuplicates PROGRAM_GROUP_NAME=MarkDuplicates READ_NAME_REGEX=<optimized capture of last three ':' separated fields as numeric values> OPTICAL_DUPLICATE_PIXEL_DISTANCE=100 MAX_OPTICAL_DUPLICATE_SET_SIZE=300000 VERBOSITY=INFO QUIET=false VALIDATION_STRINGENCY=STRICT COMPRESSION_LEVEL=5 MAX_RECORDS_IN_RAM=500000 CREATE_INDEX=false CREATE_MD5_FILE=false GA4GH_CLIENT_SECRETS=client_secrets.json USE_JDK_DEFLATER=false USE_JDK_INFLATER=false
[Wed Oct 07 09:10:23 CEST 2020] Executing as ubuntu@dkt on Linux 4.4.0-187-generic amd64; OpenJDK 64-Bit Server VM 11.0.8-internal+0-adhoc..src; Deflater: Intel; Inflater: Intel; Provider GCS is not available; Picard version: 2.23.6
INFO	2020-10-07 09:10:23	MarkDuplicates	Start of doWork freeMemory: 530644000; totalMemory: 536870912; maxMemory: 2147483648
INFO	2020-10-07 09:10:23	MarkDuplicates	Reading input file and constructing read end information.
INFO	2020-10-07 09:10:23	MarkDuplicates	Will retain up to 7780737 data points before spilling to disk.
INFO	2020-10-07 09:10:32	MarkDuplicates	Read     1,000,000 records.  Elapsed time: 00:00:08s.  Time for last 1,000,000:    8s.  Last read position: chr1:75,548,215
INFO	2020-10-07 09:10:32	MarkDuplicates	Tracking 0 as yet unmatched pairs. 0 records in RAM.
INFO	2020-10-07 09:10:38	MarkDuplicates	Read     2,000,000 records.  Elapsed time: 00:00:13s.  Time for last 1,000,000:    5s.  Last read position: chr1:178,328,721
INFO	2020-10-07 09:10:38	MarkDuplicates	Tracking 0 as yet unmatched pairs. 0 records in RAM.
INFO	2020-10-07 09:10:42	MarkDuplicates	Read     3,000,000 records.  Elapsed time: 00:00:17s.  Time for last 1,000,000:    3s.  Last read position: chr2:50,291,299
INFO	2020-10-07 09:10:42	MarkDuplicates	Tracking 0 as yet unmatched pairs. 0 records in RAM.
INFO	2020-10-07 09:10:45	MarkDuplicates	Read     4,000,000 records.  Elapsed time: 00:00:21s.  Time for last 1,000,000:    3s.  Last read position: chr2:130,654,708
INFO	2020-10-07 09:10:45	MarkDuplicates	Tracking 0 as yet unmatched pairs. 0 records in RAM.
INFO	2020-10-07 09:10:49	MarkDuplicates	Read     5,000,000 records.  Elapsed time: 00:00:24s.  Time for last 1,000,000:    3s.  Last read position: chr3:22,210,628
INFO	2020-10-07 09:10:49	MarkDuplicates	Tracking 0 as yet unmatched pairs. 0 records in RAM.
INFO	2020-10-07 09:10:53	MarkDuplicates	Read     6,000,000 records.  Elapsed time: 00:00:29s.  Time for last 1,000,000:    4s.  Last read position: chr3:126,932,979
INFO	2020-10-07 09:10:53	MarkDuplicates	Tracking 0 as yet unmatched pairs. 0 records in RAM.
INFO	2020-10-07 09:10:58	MarkDuplicates	Read     7,000,000 records.  Elapsed time: 00:00:33s.  Time for last 1,000,000:    4s.  Last read position: chr4:109,062,008
INFO	2020-10-07 09:10:58	MarkDuplicates	Tracking 0 as yet unmatched pairs. 0 records in RAM.
INFO	2020-10-07 09:11:11	MarkDuplicates	Read     8,000,000 records.  Elapsed time: 00:00:47s.  Time for last 1,000,000:   13s.  Last read position: chr5:12,155,114
INFO	2020-10-07 09:11:11	MarkDuplicates	Tracking 0 as yet unmatched pairs. 0 records in RAM.
INFO	2020-10-07 09:11:16	MarkDuplicates	Read     9,000,000 records.  Elapsed time: 00:00:51s.  Time for last 1,000,000:    4s.  Last read position: chr5:118,747,473
INFO	2020-10-07 09:11:16	MarkDuplicates	Tracking 0 as yet unmatched pairs. 0 records in RAM.
INFO	2020-10-07 09:11:19	MarkDuplicates	Read    10,000,000 records.  Elapsed time: 00:00:55s.  Time for last 1,000,000:    3s.  Last read position: chr6:51,466,636
INFO	2020-10-07 09:11:19	MarkDuplicates	Tracking 0 as yet unmatched pairs. 0 records in RAM.
INFO	2020-10-07 09:11:23	MarkDuplicates	Read    11,000,000 records.  Elapsed time: 00:00:58s.  Time for last 1,000,000:    3s.  Last read position: chr6:143,208,195
INFO	2020-10-07 09:11:23	MarkDuplicates	Tracking 0 as yet unmatched pairs. 0 records in RAM.
INFO	2020-10-07 09:11:26	MarkDuplicates	Read    12,000,000 records.  Elapsed time: 00:01:02s.  Time for last 1,000,000:    3s.  Last read position: chr7:81,872,373
INFO	2020-10-07 09:11:26	MarkDuplicates	Tracking 0 as yet unmatched pairs. 0 records in RAM.
INFO	2020-10-07 09:11:30	MarkDuplicates	Read    13,000,000 records.  Elapsed time: 00:01:05s.  Time for last 1,000,000:    3s.  Last read position: chr8:11,292,645
INFO	2020-10-07 09:11:30	MarkDuplicates	Tracking 0 as yet unmatched pairs. 0 records in RAM.
INFO	2020-10-07 09:11:33	MarkDuplicates	Read    14,000,000 records.  Elapsed time: 00:01:09s.  Time for last 1,000,000:    3s.  Last read position: chr8:105,524,810
INFO	2020-10-07 09:11:33	MarkDuplicates	Tracking 0 as yet unmatched pairs. 0 records in RAM.
INFO	2020-10-07 09:11:37	MarkDuplicates	Read    15,000,000 records.  Elapsed time: 00:01:13s.  Time for last 1,000,000:    4s.  Last read position: chr9:59,779,909
INFO	2020-10-07 09:11:37	MarkDuplicates	Tracking 0 as yet unmatched pairs. 0 records in RAM.
INFO	2020-10-07 09:11:52	MarkDuplicates	Read    16,000,000 records.  Elapsed time: 00:01:27s.  Time for last 1,000,000:   14s.  Last read position: chr9:114,901,209
INFO	2020-10-07 09:11:52	MarkDuplicates	Tracking 0 as yet unmatched pairs. 0 records in RAM.
INFO	2020-10-07 09:11:55	MarkDuplicates	Read    17,000,000 records.  Elapsed time: 00:01:31s.  Time for last 1,000,000:    3s.  Last read position: chr10:88,731,411
INFO	2020-10-07 09:11:55	MarkDuplicates	Tracking 0 as yet unmatched pairs. 0 records in RAM.
INFO	2020-10-07 09:11:58	MarkDuplicates	Read    18,000,000 records.  Elapsed time: 00:01:34s.  Time for last 1,000,000:    3s.  Last read position: chr11:42,132,606
INFO	2020-10-07 09:11:58	MarkDuplicates	Tracking 0 as yet unmatched pairs. 0 records in RAM.
INFO	2020-10-07 09:12:02	MarkDuplicates	Read    19,000,000 records.  Elapsed time: 00:01:38s.  Time for last 1,000,000:    3s.  Last read position: chr11:86,695,494
INFO	2020-10-07 09:12:02	MarkDuplicates	Tracking 0 as yet unmatched pairs. 0 records in RAM.
INFO	2020-10-07 09:12:05	MarkDuplicates	Read    20,000,000 records.  Elapsed time: 00:01:41s.  Time for last 1,000,000:    3s.  Last read position: chr12:25,057,764
INFO	2020-10-07 09:12:05	MarkDuplicates	Tracking 0 as yet unmatched pairs. 0 records in RAM.
INFO	2020-10-07 09:12:08	MarkDuplicates	Read    21,000,000 records.  Elapsed time: 00:01:44s.  Time for last 1,000,000:    3s.  Last read position: chr12:69,159,471
INFO	2020-10-07 09:12:08	MarkDuplicates	Tracking 0 as yet unmatched pairs. 0 records in RAM.
INFO	2020-10-07 09:12:12	MarkDuplicates	Read    22,000,000 records.  Elapsed time: 00:01:47s.  Time for last 1,000,000:    3s.  Last read position: chr12:69,361,373
INFO	2020-10-07 09:12:12	MarkDuplicates	Tracking 0 as yet unmatched pairs. 0 records in RAM.
INFO	2020-10-07 09:12:16	MarkDuplicates	Read    23,000,000 records.  Elapsed time: 00:01:51s.  Time for last 1,000,000:    4s.  Last read position: chr13:34,075,387
INFO	2020-10-07 09:12:16	MarkDuplicates	Tracking 0 as yet unmatched pairs. 0 records in RAM.
INFO	2020-10-07 09:12:31	MarkDuplicates	Read    24,000,000 records.  Elapsed time: 00:02:06s.  Time for last 1,000,000:   14s.  Last read position: chr14:23,297,758
INFO	2020-10-07 09:12:31	MarkDuplicates	Tracking 0 as yet unmatched pairs. 0 records in RAM.
INFO	2020-10-07 09:12:34	MarkDuplicates	Read    25,000,000 records.  Elapsed time: 00:02:10s.  Time for last 1,000,000:    3s.  Last read position: chr15:21,589,412
INFO	2020-10-07 09:12:34	MarkDuplicates	Tracking 0 as yet unmatched pairs. 0 records in RAM.
INFO	2020-10-07 09:12:37	MarkDuplicates	Read    26,000,000 records.  Elapsed time: 00:02:13s.  Time for last 1,000,000:    3s.  Last read position: chr15:93,391,133
INFO	2020-10-07 09:12:37	MarkDuplicates	Tracking 0 as yet unmatched pairs. 0 records in RAM.
INFO	2020-10-07 09:12:40	MarkDuplicates	Read    27,000,000 records.  Elapsed time: 00:02:16s.  Time for last 1,000,000:    3s.  Last read position: chr16:64,766,552
INFO	2020-10-07 09:12:40	MarkDuplicates	Tracking 0 as yet unmatched pairs. 0 records in RAM.
INFO	2020-10-07 09:12:44	MarkDuplicates	Read    28,000,000 records.  Elapsed time: 00:02:20s.  Time for last 1,000,000:    3s.  Last read position: chr17:46,682,885
INFO	2020-10-07 09:12:44	MarkDuplicates	Tracking 0 as yet unmatched pairs. 0 records in RAM.
INFO	2020-10-07 09:12:47	MarkDuplicates	Read    29,000,000 records.  Elapsed time: 00:02:23s.  Time for last 1,000,000:    3s.  Last read position: chr18:60,958,627
INFO	2020-10-07 09:12:47	MarkDuplicates	Tracking 0 as yet unmatched pairs. 0 records in RAM.
INFO	2020-10-07 09:12:52	MarkDuplicates	Read    30,000,000 records.  Elapsed time: 00:02:28s.  Time for last 1,000,000:    4s.  Last read position: chr19:46,888,257
INFO	2020-10-07 09:12:52	MarkDuplicates	Tracking 0 as yet unmatched pairs. 0 records in RAM.
INFO	2020-10-07 09:12:57	MarkDuplicates	Read    31,000,000 records.  Elapsed time: 00:02:32s.  Time for last 1,000,000:    4s.  Last read position: chrX:157,823,335
INFO	2020-10-07 09:12:57	MarkDuplicates	Tracking 0 as yet unmatched pairs. 0 records in RAM.
INFO	2020-10-07 09:13:08	MarkDuplicates	Read    32,000,000 records.  Elapsed time: 00:02:43s.  Time for last 1,000,000:   10s.  Last read position: chrM:6,344
INFO	2020-10-07 09:13:08	MarkDuplicates	Tracking 0 as yet unmatched pairs. 0 records in RAM.
INFO	2020-10-07 09:13:10	MarkDuplicates	Read 32536838 records. 0 pairs never matched.
INFO	2020-10-07 09:13:11	MarkDuplicates	After buildSortedReadEndLists freeMemory: 497963128; totalMemory: 536870912; maxMemory: 2147483648
INFO	2020-10-07 09:13:11	MarkDuplicates	Will retain up to 67108864 duplicate indices before spilling to disk.
INFO	2020-10-07 09:13:12	MarkDuplicates	Traversing read pair information and detecting duplicates.
INFO	2020-10-07 09:13:12	MarkDuplicates	Traversing fragment information and detecting duplicates.
INFO	2020-10-07 09:13:27	MarkDuplicates	Sorting list of duplicate records.
INFO	2020-10-07 09:13:28	MarkDuplicates	After generateDuplicateIndexes freeMemory: 529544776; totalMemory: 1074790400; maxMemory: 2147483648
INFO	2020-10-07 09:13:28	MarkDuplicates	Marking 18290966 records as duplicates.
INFO	2020-10-07 09:13:28	MarkDuplicates	Found 0 optical duplicate clusters.
INFO	2020-10-07 09:13:28	MarkDuplicates	Reads are assumed to be ordered by: coordinate
INFO	2020-10-07 09:15:10	MarkDuplicates	Written    10,000,000 records.  Elapsed time: 00:01:41s.  Time for last 10,000,000:  101s.  Last read position: chr6:51,466,636
INFO	2020-10-07 09:16:56	MarkDuplicates	Written    20,000,000 records.  Elapsed time: 00:03:27s.  Time for last 10,000,000:  106s.  Last read position: chr12:25,057,764
INFO	2020-10-07 09:18:39	MarkDuplicates	Written    30,000,000 records.  Elapsed time: 00:05:10s.  Time for last 10,000,000:  102s.  Last read position: chr19:46,888,257
INFO	2020-10-07 09:19:10	MarkDuplicates	Writing complete. Closing input iterator.
INFO	2020-10-07 09:19:10	MarkDuplicates	Duplicate Index cleanup.
INFO	2020-10-07 09:19:10	MarkDuplicates	Getting Memory Stats.
INFO	2020-10-07 09:19:11	MarkDuplicates	Before output close freeMemory: 529368160; totalMemory: 536870912; maxMemory: 2147483648
INFO	2020-10-07 09:19:11	MarkDuplicates	Closed outputs. Getting more Memory Stats.
INFO	2020-10-07 09:19:11	MarkDuplicates	After output close freeMemory: 529368160; totalMemory: 536870912; maxMemory: 2147483648
[Wed Oct 07 09:19:11 CEST 2020] picard.sam.markduplicates.MarkDuplicates done. Elapsed time: 8.80 minutes.
Runtime.totalMemory()=536870912
