INFO	2020-10-07 09:10:22	MarkDuplicates	

********** NOTE: Picard's command line syntax is changing.
**********
********** For more information, please see:
********** https://github.com/broadinstitute/picard/wiki/Command-Line-Syntax-Transition-For-Users-(Pre-Transition)
**********
********** The command line looks like this in the new syntax:
**********
**********    MarkDuplicates -I input/MSUS_S4_L005.bam -O output/MSUS_S4_L005.dupPicard.bam -M output/MSUS_S4_L005.dupPicard.txt
**********


09:10:23.931 INFO  NativeLibraryLoader - Loading libgkl_compression.so from jar:file:/home/ubuntu/softwares/anaconda3/share/picard-2.23.6-0/picard.jar!/com/intel/gkl/native/libgkl_compression.so
[Wed Oct 07 09:10:23 CEST 2020] MarkDuplicates INPUT=[input/MSUS_S4_L005.bam] OUTPUT=output/MSUS_S4_L005.dupPicard.bam METRICS_FILE=output/MSUS_S4_L005.dupPicard.txt    MAX_SEQUENCES_FOR_DISK_READ_ENDS_MAP=50000 MAX_FILE_HANDLES_FOR_READ_ENDS_MAP=8000 SORTING_COLLECTION_SIZE_RATIO=0.25 TAG_DUPLICATE_SET_MEMBERS=false REMOVE_SEQUENCING_DUPLICATES=false TAGGING_POLICY=DontTag CLEAR_DT=true DUPLEX_UMI=false ADD_PG_TAG_TO_READS=true REMOVE_DUPLICATES=false ASSUME_SORTED=false DUPLICATE_SCORING_STRATEGY=SUM_OF_BASE_QUALITIES PROGRAM_RECORD_ID=MarkDuplicates PROGRAM_GROUP_NAME=MarkDuplicates READ_NAME_REGEX=<optimized capture of last three ':' separated fields as numeric values> OPTICAL_DUPLICATE_PIXEL_DISTANCE=100 MAX_OPTICAL_DUPLICATE_SET_SIZE=300000 VERBOSITY=INFO QUIET=false VALIDATION_STRINGENCY=STRICT COMPRESSION_LEVEL=5 MAX_RECORDS_IN_RAM=500000 CREATE_INDEX=false CREATE_MD5_FILE=false GA4GH_CLIENT_SECRETS=client_secrets.json USE_JDK_DEFLATER=false USE_JDK_INFLATER=false
[Wed Oct 07 09:10:23 CEST 2020] Executing as ubuntu@dkt on Linux 4.4.0-187-generic amd64; OpenJDK 64-Bit Server VM 11.0.8-internal+0-adhoc..src; Deflater: Intel; Inflater: Intel; Provider GCS is not available; Picard version: 2.23.6
INFO	2020-10-07 09:10:24	MarkDuplicates	Start of doWork freeMemory: 530642696; totalMemory: 536870912; maxMemory: 2147483648
INFO	2020-10-07 09:10:24	MarkDuplicates	Reading input file and constructing read end information.
INFO	2020-10-07 09:10:24	MarkDuplicates	Will retain up to 7780737 data points before spilling to disk.
INFO	2020-10-07 09:10:32	MarkDuplicates	Read     1,000,000 records.  Elapsed time: 00:00:08s.  Time for last 1,000,000:    8s.  Last read position: chr1:74,248,229
INFO	2020-10-07 09:10:32	MarkDuplicates	Tracking 0 as yet unmatched pairs. 0 records in RAM.
INFO	2020-10-07 09:10:37	MarkDuplicates	Read     2,000,000 records.  Elapsed time: 00:00:13s.  Time for last 1,000,000:    4s.  Last read position: chr1:172,284,875
INFO	2020-10-07 09:10:37	MarkDuplicates	Tracking 0 as yet unmatched pairs. 0 records in RAM.
INFO	2020-10-07 09:10:41	MarkDuplicates	Read     3,000,000 records.  Elapsed time: 00:00:17s.  Time for last 1,000,000:    4s.  Last read position: chr2:37,543,227
INFO	2020-10-07 09:10:41	MarkDuplicates	Tracking 0 as yet unmatched pairs. 0 records in RAM.
INFO	2020-10-07 09:10:45	MarkDuplicates	Read     4,000,000 records.  Elapsed time: 00:00:21s.  Time for last 1,000,000:    3s.  Last read position: chr2:121,494,427
INFO	2020-10-07 09:10:45	MarkDuplicates	Tracking 0 as yet unmatched pairs. 0 records in RAM.
INFO	2020-10-07 09:10:49	MarkDuplicates	Read     5,000,000 records.  Elapsed time: 00:00:24s.  Time for last 1,000,000:    3s.  Last read position: chr2:180,101,156
INFO	2020-10-07 09:10:49	MarkDuplicates	Tracking 0 as yet unmatched pairs. 0 records in RAM.
INFO	2020-10-07 09:10:53	MarkDuplicates	Read     6,000,000 records.  Elapsed time: 00:00:29s.  Time for last 1,000,000:    4s.  Last read position: chr3:107,470,387
INFO	2020-10-07 09:10:53	MarkDuplicates	Tracking 0 as yet unmatched pairs. 0 records in RAM.
INFO	2020-10-07 09:10:57	MarkDuplicates	Read     7,000,000 records.  Elapsed time: 00:00:33s.  Time for last 1,000,000:    4s.  Last read position: chr4:83,549,630
INFO	2020-10-07 09:10:57	MarkDuplicates	Tracking 0 as yet unmatched pairs. 0 records in RAM.
INFO	2020-10-07 09:11:11	MarkDuplicates	Read     8,000,000 records.  Elapsed time: 00:00:47s.  Time for last 1,000,000:   13s.  Last read position: chr4:152,391,990
INFO	2020-10-07 09:11:11	MarkDuplicates	Tracking 0 as yet unmatched pairs. 0 records in RAM.
INFO	2020-10-07 09:11:16	MarkDuplicates	Read     9,000,000 records.  Elapsed time: 00:00:51s.  Time for last 1,000,000:    4s.  Last read position: chr5:102,913,267
INFO	2020-10-07 09:11:16	MarkDuplicates	Tracking 0 as yet unmatched pairs. 0 records in RAM.
INFO	2020-10-07 09:11:19	MarkDuplicates	Read    10,000,000 records.  Elapsed time: 00:00:55s.  Time for last 1,000,000:    3s.  Last read position: chr6:6,820,537
INFO	2020-10-07 09:11:19	MarkDuplicates	Tracking 0 as yet unmatched pairs. 0 records in RAM.
INFO	2020-10-07 09:11:23	MarkDuplicates	Read    11,000,000 records.  Elapsed time: 00:00:58s.  Time for last 1,000,000:    3s.  Last read position: chr6:118,598,727
INFO	2020-10-07 09:11:23	MarkDuplicates	Tracking 0 as yet unmatched pairs. 0 records in RAM.
INFO	2020-10-07 09:11:27	MarkDuplicates	Read    12,000,000 records.  Elapsed time: 00:01:02s.  Time for last 1,000,000:    3s.  Last read position: chr7:45,164,097
INFO	2020-10-07 09:11:27	MarkDuplicates	Tracking 0 as yet unmatched pairs. 0 records in RAM.
INFO	2020-10-07 09:11:30	MarkDuplicates	Read    13,000,000 records.  Elapsed time: 00:01:05s.  Time for last 1,000,000:    3s.  Last read position: chr7:126,795,725
INFO	2020-10-07 09:11:30	MarkDuplicates	Tracking 0 as yet unmatched pairs. 0 records in RAM.
INFO	2020-10-07 09:11:33	MarkDuplicates	Read    14,000,000 records.  Elapsed time: 00:01:09s.  Time for last 1,000,000:    3s.  Last read position: chr8:70,019,774
INFO	2020-10-07 09:11:33	MarkDuplicates	Tracking 0 as yet unmatched pairs. 0 records in RAM.
INFO	2020-10-07 09:11:38	MarkDuplicates	Read    15,000,000 records.  Elapsed time: 00:01:13s.  Time for last 1,000,000:    4s.  Last read position: chr9:25,308,082
INFO	2020-10-07 09:11:38	MarkDuplicates	Tracking 0 as yet unmatched pairs. 0 records in RAM.
INFO	2020-10-07 09:11:53	MarkDuplicates	Read    16,000,000 records.  Elapsed time: 00:01:29s.  Time for last 1,000,000:   15s.  Last read position: chr9:78,175,349
INFO	2020-10-07 09:11:53	MarkDuplicates	Tracking 0 as yet unmatched pairs. 0 records in RAM.
INFO	2020-10-07 09:11:56	MarkDuplicates	Read    17,000,000 records.  Elapsed time: 00:01:32s.  Time for last 1,000,000:    3s.  Last read position: chr10:25,492,072
INFO	2020-10-07 09:11:56	MarkDuplicates	Tracking 0 as yet unmatched pairs. 0 records in RAM.
INFO	2020-10-07 09:12:00	MarkDuplicates	Read    18,000,000 records.  Elapsed time: 00:01:35s.  Time for last 1,000,000:    3s.  Last read position: chr10:117,815,727
INFO	2020-10-07 09:12:00	MarkDuplicates	Tracking 0 as yet unmatched pairs. 0 records in RAM.
INFO	2020-10-07 09:12:03	MarkDuplicates	Read    19,000,000 records.  Elapsed time: 00:01:38s.  Time for last 1,000,000:    3s.  Last read position: chr11:54,361,347
INFO	2020-10-07 09:12:03	MarkDuplicates	Tracking 0 as yet unmatched pairs. 0 records in RAM.
INFO	2020-10-07 09:12:06	MarkDuplicates	Read    20,000,000 records.  Elapsed time: 00:01:42s.  Time for last 1,000,000:    3s.  Last read position: chr11:97,683,189
INFO	2020-10-07 09:12:06	MarkDuplicates	Tracking 0 as yet unmatched pairs. 0 records in RAM.
INFO	2020-10-07 09:12:09	MarkDuplicates	Read    21,000,000 records.  Elapsed time: 00:01:45s.  Time for last 1,000,000:    3s.  Last read position: chr12:55,293,787
INFO	2020-10-07 09:12:09	MarkDuplicates	Tracking 0 as yet unmatched pairs. 0 records in RAM.
INFO	2020-10-07 09:12:13	MarkDuplicates	Read    22,000,000 records.  Elapsed time: 00:01:48s.  Time for last 1,000,000:    3s.  Last read position: chr12:69,361,334
INFO	2020-10-07 09:12:13	MarkDuplicates	Tracking 0 as yet unmatched pairs. 0 records in RAM.
INFO	2020-10-07 09:12:16	MarkDuplicates	Read    23,000,000 records.  Elapsed time: 00:01:52s.  Time for last 1,000,000:    3s.  Last read position: chr12:102,777,042
INFO	2020-10-07 09:12:16	MarkDuplicates	Tracking 0 as yet unmatched pairs. 0 records in RAM.
INFO	2020-10-07 09:12:31	MarkDuplicates	Read    24,000,000 records.  Elapsed time: 00:02:07s.  Time for last 1,000,000:   15s.  Last read position: chr13:83,665,826
INFO	2020-10-07 09:12:31	MarkDuplicates	Tracking 0 as yet unmatched pairs. 0 records in RAM.
INFO	2020-10-07 09:12:35	MarkDuplicates	Read    25,000,000 records.  Elapsed time: 00:02:10s.  Time for last 1,000,000:    3s.  Last read position: chr14:62,760,657
INFO	2020-10-07 09:12:35	MarkDuplicates	Tracking 0 as yet unmatched pairs. 0 records in RAM.
INFO	2020-10-07 09:12:38	MarkDuplicates	Read    26,000,000 records.  Elapsed time: 00:02:13s.  Time for last 1,000,000:    3s.  Last read position: chr15:76,353,142
INFO	2020-10-07 09:12:38	MarkDuplicates	Tracking 0 as yet unmatched pairs. 0 records in RAM.
INFO	2020-10-07 09:12:41	MarkDuplicates	Read    27,000,000 records.  Elapsed time: 00:02:16s.  Time for last 1,000,000:    3s.  Last read position: chr16:9,577,285
INFO	2020-10-07 09:12:41	MarkDuplicates	Tracking 0 as yet unmatched pairs. 0 records in RAM.
INFO	2020-10-07 09:12:44	MarkDuplicates	Read    28,000,000 records.  Elapsed time: 00:02:19s.  Time for last 1,000,000:    3s.  Last read position: chr17:13,861,844
INFO	2020-10-07 09:12:44	MarkDuplicates	Tracking 0 as yet unmatched pairs. 0 records in RAM.
INFO	2020-10-07 09:12:47	MarkDuplicates	Read    29,000,000 records.  Elapsed time: 00:02:23s.  Time for last 1,000,000:    3s.  Last read position: chr17:87,433,638
INFO	2020-10-07 09:12:47	MarkDuplicates	Tracking 0 as yet unmatched pairs. 0 records in RAM.
INFO	2020-10-07 09:12:52	MarkDuplicates	Read    30,000,000 records.  Elapsed time: 00:02:28s.  Time for last 1,000,000:    4s.  Last read position: chr19:5,082,743
INFO	2020-10-07 09:12:52	MarkDuplicates	Tracking 0 as yet unmatched pairs. 0 records in RAM.
INFO	2020-10-07 09:12:57	MarkDuplicates	Read    31,000,000 records.  Elapsed time: 00:02:32s.  Time for last 1,000,000:    4s.  Last read position: chrX:23,219,795
INFO	2020-10-07 09:12:57	MarkDuplicates	Tracking 0 as yet unmatched pairs. 0 records in RAM.
INFO	2020-10-07 09:13:06	MarkDuplicates	Read    32,000,000 records.  Elapsed time: 00:02:41s.  Time for last 1,000,000:    9s.  Last read position: chrM:1,236
INFO	2020-10-07 09:13:06	MarkDuplicates	Tracking 0 as yet unmatched pairs. 0 records in RAM.
INFO	2020-10-07 09:13:10	MarkDuplicates	Read    33,000,000 records.  Elapsed time: 00:02:46s.  Time for last 1,000,000:    4s.  Last read position: chrM:7,291
INFO	2020-10-07 09:13:10	MarkDuplicates	Tracking 0 as yet unmatched pairs. 0 records in RAM.
INFO	2020-10-07 09:13:12	MarkDuplicates	Read 33499831 records. 0 pairs never matched.
INFO	2020-10-07 09:13:15	MarkDuplicates	After buildSortedReadEndLists freeMemory: 497961816; totalMemory: 536870912; maxMemory: 2147483648
INFO	2020-10-07 09:13:15	MarkDuplicates	Will retain up to 67108864 duplicate indices before spilling to disk.
INFO	2020-10-07 09:13:16	MarkDuplicates	Traversing read pair information and detecting duplicates.
INFO	2020-10-07 09:13:16	MarkDuplicates	Traversing fragment information and detecting duplicates.
INFO	2020-10-07 09:13:30	MarkDuplicates	Sorting list of duplicate records.
INFO	2020-10-07 09:13:31	MarkDuplicates	After generateDuplicateIndexes freeMemory: 529544216; totalMemory: 1074790400; maxMemory: 2147483648
INFO	2020-10-07 09:13:31	MarkDuplicates	Marking 19683620 records as duplicates.
INFO	2020-10-07 09:13:31	MarkDuplicates	Found 0 optical duplicate clusters.
INFO	2020-10-07 09:13:31	MarkDuplicates	Reads are assumed to be ordered by: coordinate
INFO	2020-10-07 09:15:12	MarkDuplicates	Written    10,000,000 records.  Elapsed time: 00:01:40s.  Time for last 10,000,000:  100s.  Last read position: chr6:6,820,537
INFO	2020-10-07 09:17:03	MarkDuplicates	Written    20,000,000 records.  Elapsed time: 00:03:31s.  Time for last 10,000,000:  110s.  Last read position: chr11:97,683,189
INFO	2020-10-07 09:18:45	MarkDuplicates	Written    30,000,000 records.  Elapsed time: 00:05:14s.  Time for last 10,000,000:  102s.  Last read position: chr19:5,082,743
INFO	2020-10-07 09:19:25	MarkDuplicates	Writing complete. Closing input iterator.
INFO	2020-10-07 09:19:25	MarkDuplicates	Duplicate Index cleanup.
INFO	2020-10-07 09:19:25	MarkDuplicates	Getting Memory Stats.
INFO	2020-10-07 09:19:25	MarkDuplicates	Before output close freeMemory: 529367616; totalMemory: 536870912; maxMemory: 2147483648
INFO	2020-10-07 09:19:25	MarkDuplicates	Closed outputs. Getting more Memory Stats.
INFO	2020-10-07 09:19:25	MarkDuplicates	After output close freeMemory: 529367616; totalMemory: 536870912; maxMemory: 2147483648
[Wed Oct 07 09:19:25 CEST 2020] picard.sam.markduplicates.MarkDuplicates done. Elapsed time: 9.04 minutes.
Runtime.totalMemory()=536870912
