[2020-10-06 13:12:28.866] [jointLog] [info] Fragment incompatibility prior below threshold.  Incompatible fragments will be ignored.
[2020-10-06 13:12:28.866] [jointLog] [info] parsing read library format
[2020-10-06 13:12:28.867] [jointLog] [info] There is 1 library.
[2020-10-06 13:12:29.044] [jointLog] [info] Loading Quasi index
[2020-10-06 13:12:29.054] [jointLog] [info] Loading 32-bit quasi index
[2020-10-06 13:14:35.316] [jointLog] [info] done
[2020-10-06 13:14:35.317] [jointLog] [info] Index contained 135894 targets
[2020-10-06 13:14:52.317] [jointLog] [warning] Fragment GC bias correction is currently *experimental* in single-end libraries.  Please use this option with caution.
[2020-10-06 13:14:53.832] [jointLog] [info] Automatically detected most likely library type as U
[2020-10-06 13:17:57.839] [jointLog] [info] Computed 204305 rich equivalence classes for further processing
[2020-10-06 13:17:57.839] [jointLog] [info] Counted 30975034 total reads in the equivalence classes 
[2020-10-06 13:17:57.900] [jointLog] [warning] 0.0204572% of fragments were shorter than the k used to build the index (31).
If this fraction is too large, consider re-building the index with a smaller k.
The minimum read size found was 30.


[2020-10-06 13:17:57.900] [jointLog] [info] Mapping rate = 92.2498%

[2020-10-06 13:17:57.900] [jointLog] [info] finished quantifyLibrary()
[2020-10-06 13:17:57.915] [jointLog] [info] Starting optimizer
[2020-10-06 13:17:58.028] [jointLog] [info] Marked 0 weighted equivalence classes as degenerate
[2020-10-06 13:17:58.043] [jointLog] [info] iteration = 0 | max rel diff. = 4425.36
[2020-10-06 13:17:58.143] [jointLog] [info] iteration 11, adjusting effective lengths to account for biases
[2020-10-06 13:17:57.839] [fileLog] [info] 
At end of round 0
==================
Observed 33577353 total fragments (33577353 in most recent round)

[2020-10-06 13:22:32.828] [jointLog] [info] Computed expected counts (for bias correction)
[2020-10-06 13:22:32.836] [jointLog] [info] processed bias for 0.0% of the transcripts
[2020-10-06 13:22:34.931] [jointLog] [info] processed bias for 10.0% of the transcripts
[2020-10-06 13:22:36.795] [jointLog] [info] processed bias for 20.0% of the transcripts
[2020-10-06 13:22:38.655] [jointLog] [info] processed bias for 30.0% of the transcripts
[2020-10-06 13:22:40.450] [jointLog] [info] processed bias for 40.0% of the transcripts
[2020-10-06 13:22:42.245] [jointLog] [info] processed bias for 50.0% of the transcripts
[2020-10-06 13:22:44.846] [jointLog] [info] processed bias for 60.0% of the transcripts
[2020-10-06 13:28:12.401] [jointLog] [info] processed bias for 100.0% of the transcripts
[2020-10-06 13:28:13.165] [jointLog] [info] iteration = 100 | max rel diff. = 12.7638
[2020-10-06 13:28:13.867] [jointLog] [info] iteration = 200 | max rel diff. = 4.64917
[2020-10-06 13:28:14.563] [jointLog] [info] iteration = 300 | max rel diff. = 2.58269
[2020-10-06 13:28:15.238] [jointLog] [info] iteration = 400 | max rel diff. = 8.93087
[2020-10-06 13:28:15.920] [jointLog] [info] iteration = 500 | max rel diff. = 0.193369
[2020-10-06 13:28:16.587] [jointLog] [info] iteration = 600 | max rel diff. = 0.308858
[2020-10-06 13:28:17.282] [jointLog] [info] iteration = 700 | max rel diff. = 0.430727
[2020-10-06 13:28:18.014] [jointLog] [info] iteration = 800 | max rel diff. = 0.324211
[2020-10-06 13:28:18.789] [jointLog] [info] iteration = 900 | max rel diff. = 0.155801
[2020-10-06 13:28:19.533] [jointLog] [info] iteration = 1000 | max rel diff. = 0.20253
[2020-10-06 13:28:20.305] [jointLog] [info] iteration = 1100 | max rel diff. = 0.308945
[2020-10-06 13:28:21.095] [jointLog] [info] iteration = 1200 | max rel diff. = 0.0502711
[2020-10-06 13:28:21.852] [jointLog] [info] iteration = 1300 | max rel diff. = 0.0313878
[2020-10-06 13:28:22.641] [jointLog] [info] iteration = 1400 | max rel diff. = 0.988988
[2020-10-06 13:28:23.433] [jointLog] [info] iteration = 1500 | max rel diff. = 0.0796187
[2020-10-06 13:28:23.697] [jointLog] [info] iteration = 1537 | max rel diff. = 0.00966383
[2020-10-06 13:28:23.753] [jointLog] [info] Finished optimizer
[2020-10-06 13:28:23.753] [jointLog] [info] writing output 

