[1] "en_US.utf8"

        ==========     _____ _    _ ____  _____  ______          _____  
        =====         / ____| |  | |  _ \|  __ \|  ____|   /\   |  __ \ 
          =====      | (___ | |  | | |_) | |__) | |__     /  \  | |  | |
            ====      \___ \| |  | |  _ <|  _  /|  __|   / /\ \ | |  | |
              ====    ____) | |__| | |_) | | \ \| |____ / ____ \| |__| |
        ==========   |_____/ \____/|____/|_|  \_\______/_/    \_\_____/
       Rsubread 2.0.1

//========================== featureCounts setting ===========================\\
||                                                                            ||
||             Input files : 1 BAM file                                       ||
||                           o CTRL_S5_L005.bam                               ||
||                                                                            ||
||              Annotation : gencode.vM18.chr_patch_hapl_scaff.annotation ... ||
||      Dir for temp files : .                                                ||
||                 Threads : 8                                                ||
||                   Level : feature level                                    ||
||              Paired-end : no                                               ||
||      Multimapping reads : not counted                                      ||
||     Multiple alignments : primary alignment only                           ||
|| Multi-overlapping reads : counted                                          ||
||   Min overlapping bases : 1                                                ||
||                                                                            ||
\\============================================================================//

//================================= Running ==================================\\
||                                                                            ||
|| Load annotation file gencode.vM18.chr_patch_hapl_scaff.annotation.gtf. ... ||
||    Features : 816722                                                       ||
||    Meta-features : 54986                                                   ||
||    Chromosomes/contigs : 116                                               ||
||                                                                            ||
|| Process BAM file CTRL_S5_L005.bam...                                       ||
||    Strand specific : reversely stranded                                    ||
||    Single-end reads are included.                                          ||
||    Total alignments : 42492535                                             ||
||    Successfully assigned alignments : 19829562 (46.7%)                     ||
||    Running time : 0.15 minutes                                             ||
||                                                                            ||
|| Write the final count table.                                               ||
|| Write the read assignment summary.                                         ||
||                                                                            ||
\\============================================================================//

# SessionInfo

─ Session info ───────────────────────────────────────────────────────────────
 setting  value                       
 version  R version 3.6.2 (2019-12-12)
 os       Ubuntu 16.04.7 LTS          
 system   x86_64, linux-gnu           
 ui       X11                         
 language (EN)                        
 collate  en_US.UTF-8                 
 ctype    en_US.UTF-8                 
 tz       Europe/Zurich               
 date     2020-10-07                  

─ Packages ───────────────────────────────────────────────────────────────────
 package     * version    date       lib source                        
 assertthat    0.2.1      2019-03-21 [1] CRAN (R 3.6.1)                
 backports     1.1.8      2020-06-17 [1] CRAN (R 3.6.2)                
 callr         3.4.3      2020-03-28 [1] CRAN (R 3.6.2)                
 cli           2.0.2      2020-02-28 [1] CRAN (R 3.6.2)                
 crayon        1.3.4      2017-09-16 [1] CRAN (R 3.6.1)                
 desc          1.2.0      2018-05-01 [1] CRAN (R 3.6.1)                
 devtools      2.3.1      2020-07-21 [1] CRAN (R 3.6.2)                
 digest        0.6.25     2020-02-23 [1] CRAN (R 3.6.2)                
 ellipsis      0.3.1      2020-05-15 [1] CRAN (R 3.6.2)                
 fansi         0.4.1      2020-01-08 [1] CRAN (R 3.6.2)                
 fs            1.5.0      2020-07-31 [1] CRAN (R 3.6.2)                
 glue          1.4.1      2020-05-13 [1] CRAN (R 3.6.2)                
 magrittr      1.5        2014-11-22 [1] CRAN (R 3.6.1)                
 memoise       1.1.0.9000 2020-05-06 [1] Github (r-lib/memoise@4aefd9f)
 pkgbuild      1.1.0      2020-07-13 [1] CRAN (R 3.6.2)                
 pkgload       1.1.0      2020-05-29 [1] CRAN (R 3.6.2)                
 prettyunits   1.1.1      2020-01-24 [1] CRAN (R 3.6.2)                
 processx      3.4.3      2020-07-05 [1] CRAN (R 3.6.2)                
 ps            1.3.3      2020-05-08 [1] CRAN (R 3.6.2)                
 R6            2.4.1      2019-11-12 [1] CRAN (R 3.6.1)                
 remotes       2.2.0      2020-07-21 [1] CRAN (R 3.6.2)                
 rlang         0.4.7      2020-07-09 [1] CRAN (R 3.6.2)                
 rprojroot     1.3-2      2018-01-03 [1] CRAN (R 3.6.1)                
 Rsubread    * 2.0.1      2020-01-27 [1] Bioconductor                  
 sessioninfo   1.1.1      2018-11-05 [1] CRAN (R 3.6.1)                
 testthat      2.3.2      2020-03-02 [1] CRAN (R 3.6.2)                
 usethis       1.6.1      2020-04-29 [1] CRAN (R 3.6.2)                
 withr         2.2.0      2020-04-20 [1] CRAN (R 3.6.2)                

[1] /home/ubuntu/R/x86_64-pc-linux-gnu-library/3.6
[2] /usr/local/lib/R/site-library
[3] /usr/lib/R/site-library
[4] /usr/lib/R/library
