[1] "en_US.utf8"

        ==========     _____ _    _ ____  _____  ______          _____  
        =====         / ____| |  | |  _ \|  __ \|  ____|   /\   |  __ \ 
          =====      | (___ | |  | | |_) | |__) | |__     /  \  | |  | |
            ====      \___ \| |  | |  _ <|  _  /|  __|   / /\ \ | |  | |
              ====    ____) | |__| | |_) | | \ \| |____ / ____ \| |__| |
        ==========   |_____/ \____/|____/|_|  \_\______/_/    \_\_____/
       Rsubread 2.0.1

//================================= setting ==================================\\
||                                                                            ||
|| Function      : Read alignment + Junction detection (RNA-Seq)              ||
|| Input file    : CTRL_S3_L005_trimmed.fq.gz                                 ||
|| Output file   : CTRL_S3_L005.bam (BAM), Sorted                             ||
|| Index name    : GRCm38                                                     ||
||                                                                            ||
||                    ------------------------------------                    ||
||                                                                            ||
||                               Threads : 21                                 ||
||                          Phred offset : 33                                 ||
||                             Min votes : 1 / 14                             ||
||                        Max mismatches : 2                                  ||
||                      Max indel length : 2                                  ||
||            Report multi-mapping reads : yes                                ||
|| Max alignments per multi-mapping read : 1                                  ||
||                           Annotations : gencode.vM18.chr_patch_hapl_sc ... ||
||                                                                            ||
\\============================================================================//

//================ Running (06-Oct-2020 14:42:15, pid=31126) =================\\
||                                                                            ||
|| Check the input reads.                                                     ||
|| The input file contains base space reads.                                  ||
|| Initialise the memory objects.                                             ||
|| Estimate the mean read length.                                             ||
|| The range of Phred scores observed in the data is [13,38]                  ||
|| Create the output BAM file.                                                ||
|| Check the index.                                                           ||
|| Init the voting space.                                                     ||
|| Load the annotation file.                                                  ||
|| 816722 annotation records were loaded.                                     ||
||                                                                            ||
|| Chromosomes/contigs in annotation but not in index :                       ||
||    MG3618_PATCH                                                            ||
||    MG3683_PATCH                                                            ||
||    MG3714_PATCH                                                            ||
||    MG4261_PATCH                                                            ||
||    MG4308_PATCH                                                            ||
||    MG3700_PATCH                                                            ||
||    MG3627_PATCH                                                            ||
||    MG51_PATCH                                                              ||
||    MG4138_PATCH                                                            ||
||    MG4214_PATCH                                                            ||
||    MG104_PATCH                                                             ||
||    WSB_EIJ_MMCHR11_CTG1                                                    ||
||    MG3686_PATCH                                                            ||
||    MG3712_PATCH                                                            ||
||    MG4200_PATCH                                                            ||
||    PWK_PHJ_MMCHR11_CTG1                                                    ||
||    MG74_PATCH                                                              ||
||    WSB_EIJ_MMCHR11_CTG2                                                    ||
||    PWK_PHJ_MMCHR11_CTG2                                                    ||
||    CAST_EI_MMCHR11_CTG4                                                    ||
||    MG4243_PATCH                                                            ||
||    MG209_PATCH                                                             ||
||    MG3490_PATCH                                                            ||
||    CAST_EI_MMCHR11_CTG5                                                    ||
||    MG3648_PATCH                                                            ||
||    MG89_PATCH                                                              ||
||    WSB_EIJ_MMCHR11_CTG3                                                    ||
||    PWK_PHJ_MMCHR11_CTG3                                                    ||
||    MG4310_MG4311_PATCH                                                     ||
||    MG3656_PATCH                                                            ||
||    MG4198_PATCH                                                            ||
||    MG3530_PATCH                                                            ||
||                                                                            ||
||                                                                            ||
|| Chromosomes/contigs in index but not in annotation :                       ||
||    GL456394.1                                                              ||
||    GL456379.1                                                              ||
||    GL456366.1                                                              ||
||    GL456389.1                                                              ||
||    GL456382.1                                                              ||
||    JH584300.1                                                              ||
||    GL456367.1                                                              ||
||    GL456392.1                                                              ||
||    GL456360.1                                                              ||
||    KQ030493.1                                                              ||
||    GL456396.1                                                              ||
||    GL456383.1                                                              ||
||    JH584301.1                                                              ||
||    GL456370.1                                                              ||
||    GL456387.1                                                              ||
||    GL456368.1                                                              ||
||    JH792831.1                                                              ||
||    GL456393.1                                                              ||
||    GL456378.1                                                              ||
||    GL456359.1                                                              ||
||    GL456213.1                                                              ||
||    JH584302.1                                                              ||
||    GL456390.1                                                              ||
||                                                                            ||
|| Global environment is initialised.                                         ||
|| Load the 1-th index block...                                               ||
|| The index block has been loaded.                                           ||
|| Start read mapping in chunk.                                               ||
||    0% completed, 0.9 mins elapsed, rate=39.7k reads per second             ||
||    6% completed, 1.2 mins elapsed, rate=104.2k reads per second            ||
||   13% completed, 1.7 mins elapsed, rate=47.6k reads per second             ||
||   14% completed, 1.7 mins elapsed, rate=48.7k reads per second             ||
||   14% completed, 1.8 mins elapsed, rate=49.3k reads per second             ||
||   15% completed, 1.8 mins elapsed, rate=50.6k reads per second             ||
||   15% completed, 1.8 mins elapsed, rate=51.4k reads per second             ||
||   16% completed, 1.9 mins elapsed, rate=52.6k reads per second             ||
||   17% completed, 1.9 mins elapsed, rate=53.7k reads per second             ||
||   18% completed, 2.0 mins elapsed, rate=54.6k reads per second             ||
||   18% completed, 2.0 mins elapsed, rate=55.6k reads per second             ||
||   19% completed, 2.1 mins elapsed, rate=56.4k reads per second             ||
|| Start read mapping in chunk.                                               ||
||   19% completed, 2.5 mins elapsed, rate=68.9k reads per second             ||
||   26% completed, 2.9 mins elapsed, rate=78.1k reads per second             ||
||   33% completed, 3.2 mins elapsed, rate=62.0k reads per second             ||
||   33% completed, 3.2 mins elapsed, rate=62.5k reads per second             ||
||   34% completed, 3.3 mins elapsed, rate=63.1k reads per second             ||
||   35% completed, 3.3 mins elapsed, rate=63.5k reads per second             ||
||   35% completed, 3.3 mins elapsed, rate=64.1k reads per second             ||
||   36% completed, 3.4 mins elapsed, rate=64.4k reads per second             ||
||   37% completed, 3.4 mins elapsed, rate=64.7k reads per second             ||
||   37% completed, 3.5 mins elapsed, rate=65.1k reads per second             ||
||   38% completed, 3.5 mins elapsed, rate=65.2k reads per second             ||
||   38% completed, 3.5 mins elapsed, rate=65.4k reads per second             ||
|| Start read mapping in chunk.                                               ||
||   39% completed, 4.0 mins elapsed, rate=74.3k reads per second             ||
||   46% completed, 4.3 mins elapsed, rate=80.2k reads per second             ||
||   52% completed, 4.9 mins elapsed, rate=63.5k reads per second             ||
||   53% completed, 5.0 mins elapsed, rate=63.6k reads per second             ||
||   54% completed, 5.0 mins elapsed, rate=63.9k reads per second             ||
||   54% completed, 5.1 mins elapsed, rate=64.1k reads per second             ||
||   55% completed, 5.1 mins elapsed, rate=64.4k reads per second             ||
||   55% completed, 5.2 mins elapsed, rate=64.7k reads per second             ||
||   56% completed, 5.2 mins elapsed, rate=65.0k reads per second             ||
||   57% completed, 5.2 mins elapsed, rate=65.1k reads per second             ||
||   57% completed, 5.3 mins elapsed, rate=65.3k reads per second             ||
||   58% completed, 5.3 mins elapsed, rate=65.4k reads per second             ||
|| Start read mapping in chunk.                                               ||
||   58% completed, 5.8 mins elapsed, rate=71.0k reads per second             ||
||   65% completed, 6.1 mins elapsed, rate=74.5k reads per second             ||
||   72% completed, 6.5 mins elapsed, rate=66.6k reads per second             ||
||   73% completed, 6.5 mins elapsed, rate=66.3k reads per second             ||
||   73% completed, 6.6 mins elapsed, rate=66.2k reads per second             ||
||   74% completed, 6.7 mins elapsed, rate=66.1k reads per second             ||
||   75% completed, 6.7 mins elapsed, rate=66.2k reads per second             ||
||   75% completed, 6.8 mins elapsed, rate=66.2k reads per second             ||
||   76% completed, 6.9 mins elapsed, rate=66.1k reads per second             ||
||   77% completed, 6.9 mins elapsed, rate=66.1k reads per second             ||
||   77% completed, 7.0 mins elapsed, rate=66.1k reads per second             ||
|| Start read mapping in chunk.                                               ||
||   78% completed, 7.7 mins elapsed, rate=68.5k reads per second             ||
||   85% completed, 8.1 mins elapsed, rate=70.5k reads per second             ||
||   92% completed, 8.5 mins elapsed, rate=64.4k reads per second             ||
||   92% completed, 8.5 mins elapsed, rate=64.5k reads per second             ||
||   93% completed, 8.6 mins elapsed, rate=64.6k reads per second             ||
||   94% completed, 8.6 mins elapsed, rate=64.6k reads per second             ||
||   94% completed, 8.7 mins elapsed, rate=64.7k reads per second             ||
||   95% completed, 8.7 mins elapsed, rate=64.8k reads per second             ||
||   95% completed, 8.8 mins elapsed, rate=64.9k reads per second             ||
||   96% completed, 8.8 mins elapsed, rate=65.0k reads per second             ||
||   97% completed, 8.9 mins elapsed, rate=65.1k reads per second             ||
|| Start read mapping in chunk.                                               ||
||   98% completed, 9.3 mins elapsed, rate=68.7k reads per second             ||
||   99% completed, 9.5 mins elapsed, rate=61.9k reads per second             ||
||   99% completed, 9.5 mins elapsed, rate=62.0k reads per second             ||
||   99% completed, 9.5 mins elapsed, rate=62.0k reads per second             ||
||   99% completed, 9.5 mins elapsed, rate=62.0k reads per second             ||
||   99% completed, 9.6 mins elapsed, rate=62.0k reads per second             ||
||   99% completed, 9.6 mins elapsed, rate=62.0k reads per second             ||
|| Sort the reads...                                                          ||
||                                                                            ||
||                           Completed successfully.                          ||
||                                                                            ||
\\====================================    ====================================//

//================================   Summary =================================\\
||                                                                            ||
||                 Total reads : 35,574,351                                   ||
||                      Mapped : 34,552,024 (97.1%)                           ||
||             Uniquely mapped : 29,569,363                                   ||
||               Multi-mapping : 4,982,661                                    ||
||                                                                            ||
||                    Unmapped : 1,022,327                                    ||
||                                                                            ||
||                   Junctions : 190,651                                      ||
||                      Indels : 76,693                                       ||
||                                                                            ||
||                Running time : 12.8 minutes                                 ||
||                                                                            ||
\\============================================================================//

35574351
 34552024
 0.971262
─ Session info ───────────────────────────────────────────────────────────────
  setting  value                       
  version  R version 3.6.2 (2019-12-12)
  os       Ubuntu 16.04.7 LTS          
  system   x86_64, linux-gnu           
  ui       X11                         
  language (EN)                        
  collate  en_US.UTF-8                 
  ctype    en_US.UTF-8                 
  tz       Europe/Zurich               
  date     2020-10-06                  
 
 ─ Packages ───────────────────────────────────────────────────────────────────
  package     * version    date       lib source                        
  assertthat    0.2.1      2019-03-21 [1] CRAN (R 3.6.1)                
  backports     1.1.8      2020-06-17 [1] CRAN (R 3.6.2)                
  callr         3.4.3      2020-03-28 [1] CRAN (R 3.6.2)                
  cli           2.0.2      2020-02-28 [1] CRAN (R 3.6.2)                
  crayon        1.3.4      2017-09-16 [1] CRAN (R 3.6.1)                
  desc          1.2.0      2018-05-01 [1] CRAN (R 3.6.1)                
  devtools      2.3.1      2020-07-21 [1] CRAN (R 3.6.2)                
  digest        0.6.25     2020-02-23 [1] CRAN (R 3.6.2)                
  ellipsis      0.3.1      2020-05-15 [1] CRAN (R 3.6.2)                
  fansi         0.4.1      2020-01-08 [1] CRAN (R 3.6.2)                
  fs            1.5.0      2020-07-31 [1] CRAN (R 3.6.2)                
  glue          1.4.1      2020-05-13 [1] CRAN (R 3.6.2)                
  magrittr      1.5        2014-11-22 [1] CRAN (R 3.6.1)                
  memoise       1.1.0.9000 2020-05-06 [1] Github (r-lib/memoise@4aefd9f)
  pkgbuild      1.1.0      2020-07-13 [1] CRAN (R 3.6.2)                
  pkgload       1.1.0      2020-05-29 [1] CRAN (R 3.6.2)                
  prettyunits   1.1.1      2020-01-24 [1] CRAN (R 3.6.2)                
  processx      3.4.3      2020-07-05 [1] CRAN (R 3.6.2)                
  ps            1.3.3      2020-05-08 [1] CRAN (R 3.6.2)                
  R6            2.4.1      2019-11-12 [1] CRAN (R 3.6.1)                
  remotes       2.2.0      2020-07-21 [1] CRAN (R 3.6.2)                
  rlang         0.4.7      2020-07-09 [1] CRAN (R 3.6.2)                
  rprojroot     1.3-2      2018-01-03 [1] CRAN (R 3.6.1)                
  Rsubread    * 2.0.1      2020-01-27 [1] Bioconductor                  
  sessioninfo   1.1.1      2018-11-05 [1] CRAN (R 3.6.1)                
  testthat      2.3.2      2020-03-02 [1] CRAN (R 3.6.2)                
  usethis       1.6.1      2020-04-29 [1] CRAN (R 3.6.2)                
  withr         2.2.0      2020-04-20 [1] CRAN (R 3.6.2)                
 
 [1] /home/ubuntu/R/x86_64-pc-linux-gnu-library/3.6
 [2] /usr/local/lib/R/site-library
 [3] /usr/lib/R/site-library
 [4] /usr/lib/R/library
