[1] "en_US.utf8"

        ==========     _____ _    _ ____  _____  ______          _____  
        =====         / ____| |  | |  _ \|  __ \|  ____|   /\   |  __ \ 
          =====      | (___ | |  | | |_) | |__) | |__     /  \  | |  | |
            ====      \___ \| |  | |  _ <|  _  /|  __|   / /\ \ | |  | |
              ====    ____) | |__| | |_) | | \ \| |____ / ____ \| |__| |
        ==========   |_____/ \____/|____/|_|  \_\______/_/    \_\_____/
       Rsubread 2.0.1

//================================= setting ==================================\\
||                                                                            ||
|| Function      : Read alignment + Junction detection (RNA-Seq)              ||
|| Input file    : MSUS_S2_L005_trimmed.fq.gz                                 ||
|| Output file   : MSUS_S2_L005.bam (BAM), Sorted                             ||
|| Index name    : GRCm38                                                     ||
||                                                                            ||
||                    ------------------------------------                    ||
||                                                                            ||
||                               Threads : 21                                 ||
||                          Phred offset : 33                                 ||
||                             Min votes : 1 / 14                             ||
||                        Max mismatches : 2                                  ||
||                      Max indel length : 2                                  ||
||            Report multi-mapping reads : yes                                ||
|| Max alignments per multi-mapping read : 1                                  ||
||                           Annotations : gencode.vM18.chr_patch_hapl_sc ... ||
||                                                                            ||
\\============================================================================//

//================ Running (06-Oct-2020 15:31:36, pid=31312) =================\\
||                                                                            ||
|| Check the input reads.                                                     ||
|| The input file contains base space reads.                                  ||
|| Initialise the memory objects.                                             ||
|| Estimate the mean read length.                                             ||
|| The range of Phred scores observed in the data is [13,38]                  ||
|| Create the output BAM file.                                                ||
|| Check the index.                                                           ||
|| Init the voting space.                                                     ||
|| Load the annotation file.                                                  ||
|| 816722 annotation records were loaded.                                     ||
||                                                                            ||
|| Chromosomes/contigs in annotation but not in index :                       ||
||    MG3618_PATCH                                                            ||
||    MG3683_PATCH                                                            ||
||    MG3714_PATCH                                                            ||
||    MG4261_PATCH                                                            ||
||    MG4308_PATCH                                                            ||
||    MG3700_PATCH                                                            ||
||    MG3627_PATCH                                                            ||
||    MG51_PATCH                                                              ||
||    MG4138_PATCH                                                            ||
||    MG4214_PATCH                                                            ||
||    MG104_PATCH                                                             ||
||    WSB_EIJ_MMCHR11_CTG1                                                    ||
||    MG3686_PATCH                                                            ||
||    MG3712_PATCH                                                            ||
||    MG4200_PATCH                                                            ||
||    PWK_PHJ_MMCHR11_CTG1                                                    ||
||    MG74_PATCH                                                              ||
||    WSB_EIJ_MMCHR11_CTG2                                                    ||
||    PWK_PHJ_MMCHR11_CTG2                                                    ||
||    CAST_EI_MMCHR11_CTG4                                                    ||
||    MG4243_PATCH                                                            ||
||    MG209_PATCH                                                             ||
||    MG3490_PATCH                                                            ||
||    CAST_EI_MMCHR11_CTG5                                                    ||
||    MG3648_PATCH                                                            ||
||    MG89_PATCH                                                              ||
||    WSB_EIJ_MMCHR11_CTG3                                                    ||
||    PWK_PHJ_MMCHR11_CTG3                                                    ||
||    MG4310_MG4311_PATCH                                                     ||
||    MG3656_PATCH                                                            ||
||    MG4198_PATCH                                                            ||
||    MG3530_PATCH                                                            ||
||                                                                            ||
||                                                                            ||
|| Chromosomes/contigs in index but not in annotation :                       ||
||    GL456394.1                                                              ||
||    GL456379.1                                                              ||
||    GL456366.1                                                              ||
||    GL456389.1                                                              ||
||    GL456382.1                                                              ||
||    JH584300.1                                                              ||
||    GL456367.1                                                              ||
||    GL456392.1                                                              ||
||    GL456360.1                                                              ||
||    KQ030493.1                                                              ||
||    GL456396.1                                                              ||
||    GL456383.1                                                              ||
||    JH584301.1                                                              ||
||    GL456370.1                                                              ||
||    GL456387.1                                                              ||
||    GL456368.1                                                              ||
||    JH792831.1                                                              ||
||    GL456393.1                                                              ||
||    GL456378.1                                                              ||
||    GL456359.1                                                              ||
||    GL456213.1                                                              ||
||    JH584302.1                                                              ||
||    GL456390.1                                                              ||
||                                                                            ||
|| Global environment is initialised.                                         ||
|| Load the 1-th index block...                                               ||
|| The index block has been loaded.                                           ||
|| Start read mapping in chunk.                                               ||
||    0% completed, 1.5 mins elapsed, rate=70.3k reads per second             ||
||    6% completed, 2.5 mins elapsed, rate=36.7k reads per second             ||
||   13% completed, 3.0 mins elapsed, rate=49.9k reads per second             ||
||   14% completed, 3.2 mins elapsed, rate=25.8k reads per second             ||
||   15% completed, 3.2 mins elapsed, rate=26.6k reads per second             ||
||   15% completed, 3.2 mins elapsed, rate=27.7k reads per second             ||
||   16% completed, 3.3 mins elapsed, rate=28.7k reads per second             ||
||   17% completed, 3.3 mins elapsed, rate=29.6k reads per second             ||
||   18% completed, 3.3 mins elapsed, rate=30.4k reads per second             ||
||   18% completed, 3.4 mins elapsed, rate=31.2k reads per second             ||
||   19% completed, 3.4 mins elapsed, rate=32.0k reads per second             ||
||   20% completed, 3.4 mins elapsed, rate=32.7k reads per second             ||
|| Start read mapping in chunk.                                               ||
||   21% completed, 3.8 mins elapsed, rate=49.4k reads per second             ||
||   27% completed, 4.2 mins elapsed, rate=57.1k reads per second             ||
||   35% completed, 4.6 mins elapsed, rate=43.4k reads per second             ||
||   35% completed, 4.6 mins elapsed, rate=43.9k reads per second             ||
||   36% completed, 4.6 mins elapsed, rate=44.4k reads per second             ||
||   37% completed, 4.7 mins elapsed, rate=44.8k reads per second             ||
||   37% completed, 4.7 mins elapsed, rate=45.4k reads per second             ||
||   38% completed, 4.7 mins elapsed, rate=45.9k reads per second             ||
||   39% completed, 4.8 mins elapsed, rate=46.4k reads per second             ||
||   39% completed, 4.8 mins elapsed, rate=46.8k reads per second             ||
||   40% completed, 4.9 mins elapsed, rate=47.1k reads per second             ||
|| Start read mapping in chunk.                                               ||
||   41% completed, 5.4 mins elapsed, rate=59.4k reads per second             ||
||   48% completed, 6.4 mins elapsed, rate=55.2k reads per second             ||
||   55% completed, 7.7 mins elapsed, rate=40.7k reads per second             ||
||   56% completed, 7.8 mins elapsed, rate=40.8k reads per second             ||
||   57% completed, 7.9 mins elapsed, rate=40.9k reads per second             ||
||   57% completed, 8.0 mins elapsed, rate=40.9k reads per second             ||
||   58% completed, 8.1 mins elapsed, rate=40.9k reads per second             ||
||   59% completed, 8.1 mins elapsed, rate=40.9k reads per second             ||
||   59% completed, 8.2 mins elapsed, rate=40.9k reads per second             ||
||   60% completed, 8.3 mins elapsed, rate=40.9k reads per second             ||
||   61% completed, 8.4 mins elapsed, rate=40.9k reads per second             ||
||   61% completed, 8.6 mins elapsed, rate=40.7k reads per second             ||
|| Start read mapping in chunk.                                               ||
||   62% completed, 9.4 mins elapsed, rate=44.4k reads per second             ||
||   69% completed,  10 mins elapsed, rate=44.6k reads per second             ||
||   75% completed,  11 mins elapsed, rate=42.3k reads per second             ||
||   76% completed,  12 mins elapsed, rate=35.7k reads per second             ||
||   77% completed,  12 mins elapsed, rate=35.3k reads per second             ||
||   78% completed,  12 mins elapsed, rate=35.1k reads per second             ||
||   79% completed,  12 mins elapsed, rate=35.0k reads per second             ||
||   79% completed,  12 mins elapsed, rate=35.1k reads per second             ||
||   80% completed,  12 mins elapsed, rate=35.0k reads per second             ||
||   81% completed,  13 mins elapsed, rate=34.9k reads per second             ||
||   81% completed,  13 mins elapsed, rate=34.8k reads per second             ||
||   82% completed,  13 mins elapsed, rate=34.7k reads per second             ||
|| Start read mapping in chunk.                                               ||
||   83% completed,  15 mins elapsed, rate=32.6k reads per second             ||
||   89% completed,  16 mins elapsed, rate=32.5k reads per second             ||
||   94% completed,  18 mins elapsed, rate=29.4k reads per second             ||
||   95% completed,  18 mins elapsed, rate=29.4k reads per second             ||
||   96% completed,  18 mins elapsed, rate=29.4k reads per second             ||
||   96% completed,  18 mins elapsed, rate=29.4k reads per second             ||
||   97% completed,  18 mins elapsed, rate=29.4k reads per second             ||
||   97% completed,  18 mins elapsed, rate=29.4k reads per second             ||
||   98% completed,  18 mins elapsed, rate=29.5k reads per second             ||
||   98% completed,  18 mins elapsed, rate=29.5k reads per second             ||
||   99% completed,  18 mins elapsed, rate=29.6k reads per second             ||
||   99% completed,  18 mins elapsed, rate=29.6k reads per second             ||
|| Sort the reads...                                                          ||
||                                                                            ||
||                           Completed successfully.                          ||
||                                                                            ||
\\====================================    ====================================//

//================================   Summary =================================\\
||                                                                            ||
||                 Total reads : 33,577,353                                   ||
||                      Mapped : 32,536,838 (96.9%)                           ||
||             Uniquely mapped : 28,397,595                                   ||
||               Multi-mapping : 4,139,243                                    ||
||                                                                            ||
||                    Unmapped : 1,040,515                                    ||
||                                                                            ||
||                   Junctions : 187,278                                      ||
||                      Indels : 79,049                                       ||
||                                                                            ||
||                Running time : 22.9 minutes                                 ||
||                                                                            ||
\\============================================================================//

33577353
 32536838
 0.969011
─ Session info ───────────────────────────────────────────────────────────────
  setting  value                       
  version  R version 3.6.2 (2019-12-12)
  os       Ubuntu 16.04.7 LTS          
  system   x86_64, linux-gnu           
  ui       X11                         
  language (EN)                        
  collate  en_US.UTF-8                 
  ctype    en_US.UTF-8                 
  tz       Europe/Zurich               
  date     2020-10-06                  
 
 ─ Packages ───────────────────────────────────────────────────────────────────
  package     * version    date       lib source                        
  assertthat    0.2.1      2019-03-21 [1] CRAN (R 3.6.1)                
  backports     1.1.8      2020-06-17 [1] CRAN (R 3.6.2)                
  callr         3.4.3      2020-03-28 [1] CRAN (R 3.6.2)                
  cli           2.0.2      2020-02-28 [1] CRAN (R 3.6.2)                
  crayon        1.3.4      2017-09-16 [1] CRAN (R 3.6.1)                
  desc          1.2.0      2018-05-01 [1] CRAN (R 3.6.1)                
  devtools      2.3.1      2020-07-21 [1] CRAN (R 3.6.2)                
  digest        0.6.25     2020-02-23 [1] CRAN (R 3.6.2)                
  ellipsis      0.3.1      2020-05-15 [1] CRAN (R 3.6.2)                
  fansi         0.4.1      2020-01-08 [1] CRAN (R 3.6.2)                
  fs            1.5.0      2020-07-31 [1] CRAN (R 3.6.2)                
  glue          1.4.1      2020-05-13 [1] CRAN (R 3.6.2)                
  magrittr      1.5        2014-11-22 [1] CRAN (R 3.6.1)                
  memoise       1.1.0.9000 2020-05-06 [1] Github (r-lib/memoise@4aefd9f)
  pkgbuild      1.1.0      2020-07-13 [1] CRAN (R 3.6.2)                
  pkgload       1.1.0      2020-05-29 [1] CRAN (R 3.6.2)                
  prettyunits   1.1.1      2020-01-24 [1] CRAN (R 3.6.2)                
  processx      3.4.3      2020-07-05 [1] CRAN (R 3.6.2)                
  ps            1.3.3      2020-05-08 [1] CRAN (R 3.6.2)                
  R6            2.4.1      2019-11-12 [1] CRAN (R 3.6.1)                
  remotes       2.2.0      2020-07-21 [1] CRAN (R 3.6.2)                
  rlang         0.4.7      2020-07-09 [1] CRAN (R 3.6.2)                
  rprojroot     1.3-2      2018-01-03 [1] CRAN (R 3.6.1)                
  Rsubread    * 2.0.1      2020-01-27 [1] Bioconductor                  
  sessioninfo   1.1.1      2018-11-05 [1] CRAN (R 3.6.1)                
  testthat      2.3.2      2020-03-02 [1] CRAN (R 3.6.2)                
  usethis       1.6.1      2020-04-29 [1] CRAN (R 3.6.2)                
  withr         2.2.0      2020-04-20 [1] CRAN (R 3.6.2)                
 
 [1] /home/ubuntu/R/x86_64-pc-linux-gnu-library/3.6
 [2] /usr/local/lib/R/site-library
 [3] /usr/lib/R/site-library
 [4] /usr/lib/R/library
