Multicore support not enabled. Proceeding with single-core trimming.
Path to Cutadapt set as: 'cutadapt' (default)
Cutadapt seems to be working fine (tested command 'cutadapt --version')
Cutadapt version: 2.10
single-core operation.
No quality encoding type selected. Assuming that the data provided uses Sanger encoded Phred scores (default)

Output will be written into the directory: /mnt/IM/DKT/MSUS/preprocessing/20200510-02_trimming/output/


AUTO-DETECTING ADAPTER TYPE
===========================
Attempting to auto-detect adapter type from the first 1 million sequences of the first file (>> input/CTRL_S1_L001.fastq.gz <<)

Found perfect matches for the following adapter sequences:
Adapter type	Count	Sequence	Sequences analysed	Percentage
Illumina	1471	AGATCGGAAGAGC	1000000	0.15
smallRNA	10	TGGAATTCTCGG	1000000	0.00
Nextera	2	CTGTCTCTTATA	1000000	0.00
Using Illumina adapter for trimming (count: 1471). Second best hit was smallRNA (count: 10)

Writing report to '/mnt/IM/DKT/MSUS/preprocessing/20200510-02_trimming/output/CTRL_S1_L001.fastq.gz_trimming_report.txt'

SUMMARISING RUN PARAMETERS
==========================
Input filename: input/CTRL_S1_L001.fastq.gz
Trimming mode: single-end
Trim Galore version: 0.6.6
Cutadapt version: 2.10
Number of cores used for trimming: 1
Quality Phred score cutoff: 30
Quality encoding type selected: ASCII+33
Adapter sequence: 'AGATCGGAAGAGC' (Illumina TruSeq, Sanger iPCR; auto-detected)
Maximum trimming error rate: 0.1 (default)
Minimum required adapter overlap (stringency): 1 bp
Minimum required sequence length before a sequence gets removed: 30 bp
Removing Ns from the start and end of reads
Output file(s) will be GZIP compressed

Cutadapt seems to be fairly up-to-date (version 2.10). Setting -j 1
Writing final adapter and quality trimmed output to CTRL_S1_L001_trimmed.fq.gz


  >>> Now performing quality (cutoff '-q 30') and adapter trimming in a single pass for the adapter sequence: 'AGATCGGAAGAGC' from file input/CTRL_S1_L001.fastq.gz <<< 
10000000 sequences processed
20000000 sequences processed
This is cutadapt 2.10 with Python 3.7.8
Command line parameters: -j 1 -e 0.1 -q 30 -O 1 --trim-n -a AGATCGGAAGAGC input/CTRL_S1_L001.fastq.gz
Processing reads on 1 core in single-end mode ...
Finished in 690.89 s (24 us/read; 2.50 M reads/minute).

=== Summary ===

Total reads processed:              28,797,447
Reads with adapters:                 8,491,671 (29.5%)
Reads written (passing filters):    28,797,447 (100.0%)

Total basepairs processed: 2,879,744,700 bp
Quality-trimmed:              49,410,654 bp (1.7%)
Total written (filtered):  2,815,007,988 bp (97.8%)

=== Adapter 1 ===

Sequence: AGATCGGAAGAGC; Type: regular 3'; Length: 13; Trimmed: 8491671 times

No. of allowed errors:
0-9 bp: 0; 10-13 bp: 1

Bases preceding removed adapters:
  A: 31.8%
  C: 31.2%
  G: 20.0%
  T: 16.6%
  none/other: 0.4%

Overview of removed sequences
length	count	expect	max.err	error counts
1	5937479	7199361.8	0	5937479
2	1883575	1799840.4	0	1883575
3	478916	449960.1	0	478916
4	98738	112490.0	0	98738
5	23839	28122.5	0	23839
6	2798	7030.6	0	2798
7	1698	1757.7	0	1698
8	870	439.4	0	870
9	1381	109.9	0	825 556
10	1400	27.5	1	738 662
11	792	6.9	1	440 352
12	686	1.7	1	595 91
13	543	0.4	1	502 41
14	435	0.4	1	378 57
15	483	0.4	1	452 31
16	366	0.4	1	323 43
17	410	0.4	1	377 33
18	379	0.4	1	336 43
19	336	0.4	1	299 37
20	359	0.4	1	319 40
21	346	0.4	1	293 53
22	330	0.4	1	291 39
23	246	0.4	1	211 35
24	265	0.4	1	232 33
25	269	0.4	1	225 44
26	211	0.4	1	169 42
27	238	0.4	1	191 47
28	240	0.4	1	188 52
29	244	0.4	1	166 78
30	207	0.4	1	173 34
31	226	0.4	1	196 30
32	353	0.4	1	317 36
33	1620	0.4	1	1546 74
34	1028	0.4	1	825 203
35	596	0.4	1	357 239
36	238	0.4	1	150 88
37	255	0.4	1	200 55
38	232	0.4	1	187 45
39	258	0.4	1	220 38
40	1241	0.4	1	1110 131
41	4424	0.4	1	4013 411
42	1206	0.4	1	822 384
43	446	0.4	1	284 162
44	245	0.4	1	159 86
45	219	0.4	1	158 61
46	191	0.4	1	135 56
47	195	0.4	1	157 38
48	140	0.4	1	86 54
49	148	0.4	1	107 41
50	157	0.4	1	111 46
51	176	0.4	1	152 24
52	163	0.4	1	122 41
53	200	0.4	1	168 32
54	138	0.4	1	93 45
55	205	0.4	1	148 57
56	174	0.4	1	123 51
57	227	0.4	1	179 48
58	208	0.4	1	130 78
59	209	0.4	1	145 64
60	203	0.4	1	130 73
61	253	0.4	1	167 86
62	300	0.4	1	215 85
63	307	0.4	1	182 125
64	455	0.4	1	354 101
65	317	0.4	1	235 82
66	501	0.4	1	401 100
67	862	0.4	1	728 134
68	655	0.4	1	489 166
69	638	0.4	1	457 181
70	661	0.4	1	417 244
71	834	0.4	1	553 281
72	1074	0.4	1	620 454
73	6769	0.4	1	1036 5733
74	15384	0.4	1	12779 2605
75	6393	0.4	1	6004 389
76	705	0.4	1	624 81
77	102	0.4	1	68 34
78	38	0.4	1	16 22
79	60	0.4	1	35 25
80	253	0.4	1	221 32
81	41	0.4	1	13 28
82	40	0.4	1	11 29
83	39	0.4	1	7 32
84	20	0.4	1	3 17
85	18	0.4	1	7 11
86	21	0.4	1	6 15
87	29	0.4	1	9 20
88	28	0.4	1	7 21
89	19	0.4	1	8 11
90	33	0.4	1	9 24
91	47	0.4	1	8 39
92	33	0.4	1	14 19
93	34	0.4	1	16 18
94	41	0.4	1	25 16
95	208	0.4	1	174 34
96	145	0.4	1	121 24
97	71	0.4	1	20 51
98	29	0.4	1	11 18
99	108	0.4	1	71 37
100	706	0.4	1	442 264

RUN STATISTICS FOR INPUT FILE: input/CTRL_S1_L001.fastq.gz
=============================================
28797447 sequences processed in total
Sequences removed because they became shorter than the length cutoff of 30 bp:	317941 (1.1%)

