Multicore support not enabled. Proceeding with single-core trimming.
Path to Cutadapt set as: 'cutadapt' (default)
Cutadapt seems to be working fine (tested command 'cutadapt --version')
Cutadapt version: 2.10
single-core operation.
No quality encoding type selected. Assuming that the data provided uses Sanger encoded Phred scores (default)

Output will be written into the directory: /mnt/IM/DKT/MSUS/preprocessing/20200510-02_trimming/output/


AUTO-DETECTING ADAPTER TYPE
===========================
Attempting to auto-detect adapter type from the first 1 million sequences of the first file (>> input/MSUS_S6_L005.fastq.gz <<)

Found perfect matches for the following adapter sequences:
Adapter type	Count	Sequence	Sequences analysed	Percentage
Illumina	1423	AGATCGGAAGAGC	1000000	0.14
smallRNA	16	TGGAATTCTCGG	1000000	0.00
Nextera	9	CTGTCTCTTATA	1000000	0.00
Using Illumina adapter for trimming (count: 1423). Second best hit was smallRNA (count: 16)

Writing report to '/mnt/IM/DKT/MSUS/preprocessing/20200510-02_trimming/output/MSUS_S6_L005.fastq.gz_trimming_report.txt'

SUMMARISING RUN PARAMETERS
==========================
Input filename: input/MSUS_S6_L005.fastq.gz
Trimming mode: single-end
Trim Galore version: 0.6.6
Cutadapt version: 2.10
Number of cores used for trimming: 1
Quality Phred score cutoff: 30
Quality encoding type selected: ASCII+33
Adapter sequence: 'AGATCGGAAGAGC' (Illumina TruSeq, Sanger iPCR; auto-detected)
Maximum trimming error rate: 0.1 (default)
Minimum required adapter overlap (stringency): 1 bp
Minimum required sequence length before a sequence gets removed: 30 bp
Removing Ns from the start and end of reads
Output file(s) will be GZIP compressed

Cutadapt seems to be fairly up-to-date (version 2.10). Setting -j 1
Writing final adapter and quality trimmed output to MSUS_S6_L005_trimmed.fq.gz


  >>> Now performing quality (cutoff '-q 30') and adapter trimming in a single pass for the adapter sequence: 'AGATCGGAAGAGC' from file input/MSUS_S6_L005.fastq.gz <<< 
10000000 sequences processed
20000000 sequences processed
30000000 sequences processed
This is cutadapt 2.10 with Python 3.7.8
Command line parameters: -j 1 -e 0.1 -q 30 -O 1 --trim-n -a AGATCGGAAGAGC input/MSUS_S6_L005.fastq.gz
Processing reads on 1 core in single-end mode ...
Finished in 894.18 s (23 us/read; 2.56 M reads/minute).

=== Summary ===

Total reads processed:              38,134,341
Reads with adapters:                12,283,583 (32.2%)
Reads written (passing filters):    38,134,341 (100.0%)

Total basepairs processed: 3,813,434,100 bp
Quality-trimmed:              58,617,741 bp (1.5%)
Total written (filtered):  3,730,868,872 bp (97.8%)

=== Adapter 1 ===

Sequence: AGATCGGAAGAGC; Type: regular 3'; Length: 13; Trimmed: 12283583 times

No. of allowed errors:
0-9 bp: 0; 10-13 bp: 1

Bases preceding removed adapters:
  A: 32.7%
  C: 31.2%
  G: 18.9%
  T: 17.2%
  none/other: 0.0%

Overview of removed sequences
length	count	expect	max.err	error counts
1	8415913	9533585.2	0	8415913
2	2758769	2383396.3	0	2758769
3	734386	595849.1	0	734386
4	157591	148962.3	0	157591
5	43506	37240.6	0	43506
6	12013	9310.1	0	12013
7	10223	2327.5	0	10223
8	7208	581.9	0	7208
9	7536	145.5	0	6604 932
10	7239	36.4	1	6164 1075
11	4659	9.1	1	4107 552
12	4845	2.3	1	4617 228
13	4318	0.6	1	4205 113
14	3675	0.6	1	3562 113
15	3577	0.6	1	3460 117
16	2838	0.6	1	2732 106
17	3110	0.6	1	3015 95
18	2607	0.6	1	2473 134
19	2154	0.6	1	2065 89
20	2089	0.6	1	1992 97
21	1823	0.6	1	1703 120
22	1644	0.6	1	1577 67
23	1386	0.6	1	1323 63
24	1299	0.6	1	1237 62
25	1413	0.6	1	1339 74
26	951	0.6	1	881 70
27	1090	0.6	1	1011 79
28	1067	0.6	1	994 73
29	810	0.6	1	716 94
30	911	0.6	1	829 82
31	557	0.6	1	498 59
32	650	0.6	1	593 57
33	487	0.6	1	422 65
34	615	0.6	1	544 71
35	442	0.6	1	380 62
36	438	0.6	1	368 70
37	383	0.6	1	320 63
38	379	0.6	1	316 63
39	374	0.6	1	279 95
40	326	0.6	1	255 71
41	384	0.6	1	263 121
42	305	0.6	1	216 89
43	273	0.6	1	187 86
44	215	0.6	1	149 66
45	242	0.6	1	154 88
46	283	0.6	1	162 121
47	222	0.6	1	139 83
48	204	0.6	1	107 97
49	224	0.6	1	132 92
50	228	0.6	1	118 110
51	199	0.6	1	111 88
52	191	0.6	1	108 83
53	202	0.6	1	101 101
54	177	0.6	1	75 102
55	206	0.6	1	71 135
56	253	0.6	1	99 154
57	216	0.6	1	89 127
58	255	0.6	1	65 190
59	273	0.6	1	82 191
60	268	0.6	1	59 209
61	403	0.6	1	101 302
62	501	0.6	1	119 382
63	691	0.6	1	105 586
64	735	0.6	1	241 494
65	529	0.6	1	135 394
66	669	0.6	1	238 431
67	702	0.6	1	199 503
68	914	0.6	1	169 745
69	993	0.6	1	224 769
70	1316	0.6	1	219 1097
71	1627	0.6	1	285 1342
72	2672	0.6	1	316 2356
73	28861	0.6	1	611 28250
74	23012	0.6	1	6348 16664
75	6577	0.6	1	3712 2865
76	760	0.6	1	392 368
77	115	0.6	1	31 84
78	62	0.6	1	12 50
79	37	0.6	1	1 36
80	44	0.6	1	14 30
81	44	0.6	1	3 41
82	61	0.6	1	0 61
83	58	0.6	1	1 57
84	76	0.6	1	32 44
85	75	0.6	1	1 74
86	51	0.6	1	7 44
87	31	0.6	1	2 29
88	55	0.6	1	2 53
89	42	0.6	1	3 39
90	40	0.6	1	0 40
91	79	0.6	1	5 74
92	37	0.6	1	6 31
93	44	0.6	1	8 36
94	81	0.6	1	47 34
95	83	0.6	1	35 48
96	35	0.6	1	11 24
97	122	0.6	1	4 118
98	67	0.6	1	10 57
99	189	0.6	1	20 169
100	972	0.6	1	139 833

RUN STATISTICS FOR INPUT FILE: input/MSUS_S6_L005.fastq.gz
=============================================
38134341 sequences processed in total
Sequences removed because they became shorter than the length cutoff of 30 bp:	365590 (1.0%)

